#
# There is insufficient memory for the Java Runtime Environment to continue.
# Native memory allocation (mmap) failed to map 998244352 bytes for G1 virtual space
# Possible reasons:
#   The system is out of physical RAM or swap space
#   The process is running with CompressedOops enabled, and the Java Heap may be blocking the growth of the native heap
# Possible solutions:
#   Reduce memory load on the system
#   Increase physical memory or swap space
#   Check if swap backing store is full
#   Decrease Java heap size (-Xmx/-Xms)
#   Decrease number of Java threads
#   Decrease Java thread stack sizes (-Xss)
#   Set larger code cache with -XX:ReservedCodeCacheSize=
#   JVM is running with Zero Based Compressed Oops mode in which the Java heap is
#     placed in the first 32GB address space. The Java Heap base address is the
#     maximum limit for the native heap growth. Please use -XX:HeapBaseMinAddress
#     to set the Java Heap base and to place the Java Heap above 32GB virtual address.
# This output file may be truncated or incomplete.
#
#  Out of Memory Error (os_windows.cpp:3535), pid=12940, tid=480
#
# JRE version: OpenJDK Runtime Environment Temurin-17.0.3+7 (17.0.3+7) (build 17.0.3+7)
# Java VM: OpenJDK 64-Bit Server VM Temurin-17.0.3+7 (17.0.3+7, mixed mode, tiered, compressed oops, compressed class ptrs, g1 gc, windows-amd64)
# No core dump will be written. Minidumps are not enabled by default on client versions of Windows
#

---------------  S U M M A R Y ------------

Command Line: -ea -Dfile.encoding=UTF-8 -XX:+ShowCodeDetailsInExceptionMessages org.testng.remote.RemoteTestNG -serport 61206 -protocol json -d C:\Users\Shakir\Downloads\ring-android-automation\test-output C:\Users\Shakir\Downloads\ring-android-automation\ringPay.xml

Host: 11th Gen Intel(R) Core(TM) i5-1135G7 @ 2.40GHz, 8 cores, 15G,  Windows 10 , 64 bit Build 19041 (10.0.19041.2546)
Time: Fri Mar 31 17:27:41 2023 India Standard Time elapsed time: 18290.753562 seconds (0d 5h 4m 50s)

---------------  T H R E A D  ---------------

Current thread (0x000001c2f9a94be0):  VMThread "VM Thread" [stack: 0x0000005c39e00000,0x0000005c39f00000] [id=480]

Stack: [0x0000005c39e00000,0x0000005c39f00000]
Native frames: (J=compiled Java code, j=interpreted, Vv=VM code, C=native code)
V  [jvm.dll+0x675efa]
V  [jvm.dll+0x830a24]
V  [jvm.dll+0x8321ce]
V  [jvm.dll+0x832833]
V  [jvm.dll+0x2454b5]
V  [jvm.dll+0x672de9]
V  [jvm.dll+0x667732]
V  [jvm.dll+0x3043ab]
V  [jvm.dll+0x30b8f6]
V  [jvm.dll+0x35b62e]
V  [jvm.dll+0x35b85f]
V  [jvm.dll+0x2db248]
V  [jvm.dll+0x2d94fc]
V  [jvm.dll+0x2d8acc]
V  [jvm.dll+0x31cd51]
V  [jvm.dll+0x836cdb]
V  [jvm.dll+0x837a14]
V  [jvm.dll+0x837f2c]
V  [jvm.dll+0x838304]
V  [jvm.dll+0x8383d0]
V  [jvm.dll+0x7e0cfa]
V  [jvm.dll+0x674d85]
C  [ucrtbase.dll+0x21bb2]
C  [KERNEL32.DLL+0x17614]
C  [ntdll.dll+0x526a1]

VM_Operation (0x0000005c398fa690): G1TryInitiateConcMark, mode: safepoint, requested by thread 0x000001c2db145b90


---------------  P R O C E S S  ---------------

Threads class SMR info:
_java_thread_list=0x000001c2800de1d0, length=100, elements={
0x000001c2db145b90, 0x000001c2fa42a1f0, 0x000001c2fa42aba0, 0x000001c2fa4804e0,
0x000001c2fa4821b0, 0x000001c2fa484e90, 0x000001c2fa485750, 0x000001c2fa489840,
0x000001c2fa492150, 0x000001c2fa492a50, 0x000001c2fa736e30, 0x000001c2fa755e10,
0x000001c2fad2cbb0, 0x000001c2fd45a670, 0x000001c2fd45a1a0, 0x000001c2fbbfca30,
0x000001c2fbbf5b80, 0x000001c2fbbf56b0, 0x000001c2fbbfc560, 0x000001c2fbbfa880,
0x000001c282451d50, 0x000001c282450ee0, 0x000001c282453a30, 0x000001c282450070,
0x000001c2824573f0, 0x000001c282453090, 0x000001c2824578c0, 0x000001c282453f00,
0x000001c2824543d0, 0x000001c282456f20, 0x000001c2824513b0, 0x000001c282455710,
0x000001c282450540, 0x000001c282452220, 0x000001c2824526f0, 0x000001c282454d70,
0x000001c282456580, 0x000001c282456a50, 0x000001c2fbbfad50, 0x000001c2fbbfbbc0,
0x000001c2fbbfc090, 0x000001c2fd458990, 0x000001c2824548a0, 0x000001c282453560,
0x000001c2fbbfb6f0, 0x000001c282455240, 0x000001c28256ed70, 0x000001c28256f240,
0x000001c282569200, 0x000001c282568d30, 0x000001c28256bd50, 0x000001c28256f710,
0x000001c2825696d0, 0x000001c282567ec0, 0x000001c28256e3d0, 0x000001c282568390,
0x000001c28256c220, 0x000001c282568860, 0x000001c28256a070, 0x000001c28256b3b0,
0x000001c28256b880, 0x000001c28256cbc0, 0x000001c28256a540, 0x000001c28256d090,
0x000001c28256aa10, 0x000001c28256d560, 0x000001c28256e8a0, 0x000001c2fd45b010,
0x000001c28256da30, 0x000001c280182a20, 0x000001c2801850a0, 0x000001c280184230,
0x000001c280181210, 0x000001c280184bd0, 0x000001c280182ef0, 0x000001c28017f060,
0x000001c280181bb0, 0x000001c2801816e0, 0x000001c280183d60, 0x000001c280182550,
0x000001c280184700, 0x000001c2801833c0, 0x000001c280185570, 0x000001c280183890,
0x000001c28017fa00, 0x000001c2801868b0, 0x000001c280185a40, 0x000001c2801863e0,
0x000001c280182080, 0x000001c28017fed0, 0x000001c280180d40, 0x000001c28256df00,
0x000001c280185f10, 0x000001c2801803a0, 0x000001c280180870, 0x000001c282b1ca40,
0x000001c282b1d8b0, 0x000001c282b16ed0, 0x000001c2fe281170, 0x000001c2fe281680
}

Java Threads: ( => current thread )
  0x000001c2db145b90 JavaThread "main" [_thread_blocked, id=12592, stack(0x0000005c39800000,0x0000005c39900000)]
  0x000001c2fa42a1f0 JavaThread "Reference Handler" daemon [_thread_blocked, id=7308, stack(0x0000005c39f00000,0x0000005c3a000000)]
  0x000001c2fa42aba0 JavaThread "Finalizer" daemon [_thread_blocked, id=5616, stack(0x0000005c3a000000,0x0000005c3a100000)]
  0x000001c2fa4804e0 JavaThread "Signal Dispatcher" daemon [_thread_blocked, id=8776, stack(0x0000005c3a100000,0x0000005c3a200000)]
  0x000001c2fa4821b0 JavaThread "Attach Listener" daemon [_thread_blocked, id=10556, stack(0x0000005c3a200000,0x0000005c3a300000)]
  0x000001c2fa484e90 JavaThread "Service Thread" daemon [_thread_blocked, id=9960, stack(0x0000005c3a300000,0x0000005c3a400000)]
  0x000001c2fa485750 JavaThread "Monitor Deflation Thread" daemon [_thread_blocked, id=9292, stack(0x0000005c3a400000,0x0000005c3a500000)]
  0x000001c2fa489840 JavaThread "C2 CompilerThread0" daemon [_thread_in_native, id=1356, stack(0x0000005c3a500000,0x0000005c3a600000)]
  0x000001c2fa492150 JavaThread "C1 CompilerThread0" daemon [_thread_blocked, id=7000, stack(0x0000005c3a600000,0x0000005c3a700000)]
  0x000001c2fa492a50 JavaThread "Sweeper thread" daemon [_thread_blocked, id=16788, stack(0x0000005c3a700000,0x0000005c3a800000)]
  0x000001c2fa736e30 JavaThread "Notification Thread" daemon [_thread_blocked, id=16532, stack(0x0000005c3a800000,0x0000005c3a900000)]
  0x000001c2fa755e10 JavaThread "Common-Cleaner" daemon [_thread_blocked, id=19828, stack(0x0000005c3aa00000,0x0000005c3ab00000)]
  0x000001c2fad2cbb0 JavaThread "ReaderThread" [_thread_in_native, id=10560, stack(0x0000005c3ad00000,0x0000005c3ae00000)]
  0x000001c2fd45a670 JavaThread "OkHttp ConnectionPool" daemon [_thread_blocked, id=1200, stack(0x0000005c3be00000,0x0000005c3bf00000)]
  0x000001c2fd45a1a0 JavaThread "Okio Watchdog" daemon [_thread_blocked, id=2876, stack(0x0000005c39500000,0x0000005c39600000)]
  0x000001c2fbbfca30 JavaThread "mysql-cj-abandoned-connection-cleanup" daemon [_thread_blocked, id=1156, stack(0x0000005c39600000,0x0000005c39700000)]
  0x000001c2fbbf5b80 JavaThread "Java2D Disposer" daemon [_thread_blocked, id=16924, stack(0x0000005c3bb00000,0x0000005c3bc00000)]
  0x000001c2fbbf56b0 JavaThread "Exec Default Executor" daemon [_thread_in_native, id=13068, stack(0x0000005c39700000,0x0000005c39800000)]
  0x000001c2fbbfc560 JavaThread "Exec Stream Pumper" daemon [_thread_in_native, id=4872, stack(0x0000005c3ab00000,0x0000005c3ac00000)]
  0x000001c2fbbfa880 JavaThread "Exec Stream Pumper" daemon [_thread_in_native, id=19976, stack(0x0000005c3ac00000,0x0000005c3ad00000)]
  0x000001c282451d50 JavaThread "Exec Default Executor" daemon [_thread_in_native, id=10684, stack(0x0000005c3b700000,0x0000005c3b800000)]
  0x000001c282450ee0 JavaThread "Exec Stream Pumper" daemon [_thread_in_native, id=11920, stack(0x0000005c3b900000,0x0000005c3ba00000)]
  0x000001c282453a30 JavaThread "Exec Stream Pumper" daemon [_thread_in_native, id=11836, stack(0x0000005c3ba00000,0x0000005c3bb00000)]
  0x000001c282450070 JavaThread "Exec Default Executor" daemon [_thread_in_native, id=21292, stack(0x0000005c3c200000,0x0000005c3c300000)]
  0x000001c2824573f0 JavaThread "Exec Stream Pumper" daemon [_thread_in_native, id=11368, stack(0x0000005c3c300000,0x0000005c3c400000)]
  0x000001c282453090 JavaThread "Exec Stream Pumper" daemon [_thread_in_native, id=3488, stack(0x0000005c3c500000,0x0000005c3c600000)]
  0x000001c2824578c0 JavaThread "Exec Default Executor" daemon [_thread_in_native, id=21136, stack(0x0000005c3b800000,0x0000005c3b900000)]
  0x000001c282453f00 JavaThread "Exec Stream Pumper" daemon [_thread_in_native, id=11888, stack(0x0000005c3c100000,0x0000005c3c200000)]
  0x000001c2824543d0 JavaThread "Exec Stream Pumper" daemon [_thread_in_native, id=6120, stack(0x0000005c3c400000,0x0000005c3c500000)]
  0x000001c282456f20 JavaThread "Exec Default Executor" daemon [_thread_in_native, id=5488, stack(0x0000005c3c600000,0x0000005c3c700000)]
  0x000001c2824513b0 JavaThread "Exec Stream Pumper" daemon [_thread_in_native, id=9556, stack(0x0000005c3ca00000,0x0000005c3cb00000)]
  0x000001c282455710 JavaThread "Exec Stream Pumper" daemon [_thread_in_native, id=21240, stack(0x0000005c3cb00000,0x0000005c3cc00000)]
  0x000001c282450540 JavaThread "Exec Default Executor" daemon [_thread_in_native, id=12892, stack(0x0000005c3bf00000,0x0000005c3c000000)]
  0x000001c282452220 JavaThread "Exec Stream Pumper" daemon [_thread_in_native, id=8184, stack(0x0000005c3cc00000,0x0000005c3cd00000)]
  0x000001c2824526f0 JavaThread "Exec Stream Pumper" daemon [_thread_in_native, id=16832, stack(0x0000005c3cd00000,0x0000005c3ce00000)]
  0x000001c282454d70 JavaThread "Exec Default Executor" daemon [_thread_in_native, id=11324, stack(0x0000005c3ce00000,0x0000005c3cf00000)]
  0x000001c282456580 JavaThread "Exec Stream Pumper" daemon [_thread_in_native, id=13616, stack(0x0000005c3cf00000,0x0000005c3d000000)]
  0x000001c282456a50 JavaThread "Exec Stream Pumper" daemon [_thread_in_native, id=16984, stack(0x0000005c3d000000,0x0000005c3d100000)]
  0x000001c2fbbfad50 JavaThread "Exec Default Executor" daemon [_thread_in_native, id=11456, stack(0x0000005c3bc00000,0x0000005c3bd00000)]
  0x000001c2fbbfbbc0 JavaThread "Exec Stream Pumper" daemon [_thread_in_native, id=14024, stack(0x0000005c3c800000,0x0000005c3c900000)]
  0x000001c2fbbfc090 JavaThread "Exec Stream Pumper" daemon [_thread_in_native, id=21480, stack(0x0000005c3d100000,0x0000005c3d200000)]
  0x000001c2fd458990 JavaThread "Exec Default Executor" daemon [_thread_in_native, id=6056, stack(0x0000005c3d200000,0x0000005c3d300000)]
  0x000001c2824548a0 JavaThread "Exec Stream Pumper" daemon [_thread_in_native, id=1856, stack(0x0000005c3d400000,0x0000005c3d500000)]
  0x000001c282453560 JavaThread "Exec Stream Pumper" daemon [_thread_in_native, id=15980, stack(0x0000005c3d500000,0x0000005c3d600000)]
  0x000001c2fbbfb6f0 JavaThread "Exec Default Executor" daemon [_thread_in_native, id=9580, stack(0x0000005c3c700000,0x0000005c3c800000)]
  0x000001c282455240 JavaThread "Exec Stream Pumper" daemon [_thread_in_native, id=7392, stack(0x0000005c3d300000,0x0000005c3d400000)]
  0x000001c28256ed70 JavaThread "Exec Stream Pumper" daemon [_thread_in_native, id=3588, stack(0x0000005c3d600000,0x0000005c3d700000)]
  0x000001c28256f240 JavaThread "Exec Default Executor" daemon [_thread_in_native, id=10508, stack(0x0000005c3d700000,0x0000005c3d800000)]
  0x000001c282569200 JavaThread "Exec Stream Pumper" daemon [_thread_in_native, id=17144, stack(0x0000005c3dc00000,0x0000005c3dd00000)]
  0x000001c282568d30 JavaThread "Exec Stream Pumper" daemon [_thread_in_native, id=7144, stack(0x0000005c3dd00000,0x0000005c3de00000)]
  0x000001c28256bd50 JavaThread "Exec Default Executor" daemon [_thread_in_native, id=21408, stack(0x0000005c3c900000,0x0000005c3ca00000)]
  0x000001c28256f710 JavaThread "Exec Stream Pumper" daemon [_thread_in_native, id=17520, stack(0x0000005c3db00000,0x0000005c3dc00000)]
  0x000001c2825696d0 JavaThread "Exec Stream Pumper" daemon [_thread_in_native, id=17336, stack(0x0000005c3de00000,0x0000005c3df00000)]
  0x000001c282567ec0 JavaThread "Exec Default Executor" daemon [_thread_in_native, id=1860, stack(0x0000005c3e000000,0x0000005c3e100000)]
  0x000001c28256e3d0 JavaThread "Exec Stream Pumper" daemon [_thread_in_native, id=9132, stack(0x0000005c3e100000,0x0000005c3e200000)]
  0x000001c282568390 JavaThread "Exec Stream Pumper" daemon [_thread_in_native, id=19644, stack(0x0000005c3e200000,0x0000005c3e300000)]
  0x000001c28256c220 JavaThread "Exec Default Executor" daemon [_thread_in_native, id=1176, stack(0x0000005c3d800000,0x0000005c3d900000)]
  0x000001c282568860 JavaThread "Exec Stream Pumper" daemon [_thread_in_native, id=10492, stack(0x0000005c3da00000,0x0000005c3db00000)]
  0x000001c28256a070 JavaThread "Exec Stream Pumper" daemon [_thread_in_native, id=19424, stack(0x0000005c3df00000,0x0000005c3e000000)]
  0x000001c28256b3b0 JavaThread "Exec Default Executor" daemon [_thread_in_native, id=20412, stack(0x0000005c3e300000,0x0000005c3e400000)]
  0x000001c28256b880 JavaThread "Exec Stream Pumper" daemon [_thread_in_native, id=15700, stack(0x0000005c3e800000,0x0000005c3e900000)]
  0x000001c28256cbc0 JavaThread "Exec Stream Pumper" daemon [_thread_in_native, id=14548, stack(0x0000005c3e900000,0x0000005c3ea00000)]
  0x000001c28256a540 JavaThread "Exec Default Executor" daemon [_thread_in_native, id=15720, stack(0x0000005c3d900000,0x0000005c3da00000)]
  0x000001c28256d090 JavaThread "Exec Stream Pumper" daemon [_thread_in_native, id=1248, stack(0x0000005c3e500000,0x0000005c3e600000)]
  0x000001c28256aa10 JavaThread "Exec Stream Pumper" daemon [_thread_in_native, id=19408, stack(0x0000005c3e600000,0x0000005c3e700000)]
  0x000001c28256d560 JavaThread "Exec Default Executor" daemon [_thread_in_native, id=8864, stack(0x0000005c3ea00000,0x0000005c3eb00000)]
  0x000001c28256e8a0 JavaThread "Exec Stream Pumper" daemon [_thread_in_native, id=3448, stack(0x0000005c3ed00000,0x0000005c3ee00000)]
  0x000001c2fd45b010 JavaThread "Exec Stream Pumper" daemon [_thread_in_native, id=16652, stack(0x0000005c3ee00000,0x0000005c3ef00000)]
  0x000001c28256da30 JavaThread "Exec Default Executor" daemon [_thread_in_native, id=1348, stack(0x0000005c3e700000,0x0000005c3e800000)]
  0x000001c280182a20 JavaThread "Exec Stream Pumper" daemon [_thread_in_native, id=13448, stack(0x0000005c3ef00000,0x0000005c3f000000)]
  0x000001c2801850a0 JavaThread "Exec Stream Pumper" daemon [_thread_in_native, id=10828, stack(0x0000005c3f000000,0x0000005c3f100000)]
  0x000001c280184230 JavaThread "Exec Default Executor" daemon [_thread_in_native, id=3676, stack(0x0000005c3e400000,0x0000005c3e500000)]
  0x000001c280181210 JavaThread "Exec Stream Pumper" daemon [_thread_in_native, id=14456, stack(0x0000005c3f100000,0x0000005c3f200000)]
  0x000001c280184bd0 JavaThread "Exec Stream Pumper" daemon [_thread_in_native, id=1572, stack(0x0000005c3f200000,0x0000005c3f300000)]
  0x000001c280182ef0 JavaThread "Exec Default Executor" daemon [_thread_in_native, id=21492, stack(0x0000005c3eb00000,0x0000005c3ec00000)]
  0x000001c28017f060 JavaThread "Exec Stream Pumper" daemon [_thread_in_native, id=17764, stack(0x0000005c3f300000,0x0000005c3f400000)]
  0x000001c280181bb0 JavaThread "Exec Stream Pumper" daemon [_thread_in_native, id=18236, stack(0x0000005c3f400000,0x0000005c3f500000)]
  0x000001c2801816e0 JavaThread "Exec Default Executor" daemon [_thread_in_native, id=15572, stack(0x0000005c3fa00000,0x0000005c3fb00000)]
  0x000001c280183d60 JavaThread "Exec Stream Pumper" daemon [_thread_in_native, id=2264, stack(0x0000005c3fb00000,0x0000005c3fc00000)]
  0x000001c280182550 JavaThread "Exec Stream Pumper" daemon [_thread_in_native, id=16060, stack(0x0000005c3fc00000,0x0000005c3fd00000)]
  0x000001c280184700 JavaThread "Exec Default Executor" daemon [_thread_in_native, id=12576, stack(0x0000005c3ec00000,0x0000005c3ed00000)]
  0x000001c2801833c0 JavaThread "Exec Stream Pumper" daemon [_thread_in_native, id=8316, stack(0x0000005c3f700000,0x0000005c3f800000)]
  0x000001c280185570 JavaThread "Exec Stream Pumper" daemon [_thread_in_native, id=16064, stack(0x0000005c3f800000,0x0000005c3f900000)]
  0x000001c280183890 JavaThread "Exec Default Executor" daemon [_thread_in_native, id=11832, stack(0x0000005c3f900000,0x0000005c3fa00000)]
  0x000001c28017fa00 JavaThread "Exec Stream Pumper" daemon [_thread_in_native, id=20428, stack(0x0000005c3ff00000,0x0000005c40000000)]
  0x000001c2801868b0 JavaThread "Exec Stream Pumper" daemon [_thread_in_native, id=2084, stack(0x0000005c40000000,0x0000005c40100000)]
  0x000001c280185a40 JavaThread "Exec Default Executor" daemon [_thread_in_native, id=20556, stack(0x0000005c3f500000,0x0000005c3f600000)]
  0x000001c2801863e0 JavaThread "Exec Stream Pumper" daemon [_thread_in_native, id=11440, stack(0x0000005c3fd00000,0x0000005c3fe00000)]
  0x000001c280182080 JavaThread "Exec Stream Pumper" daemon [_thread_in_native, id=10668, stack(0x0000005c3fe00000,0x0000005c3ff00000)]
  0x000001c28017fed0 JavaThread "Exec Default Executor" daemon [_thread_in_native, id=4516, stack(0x0000005c40100000,0x0000005c40200000)]
  0x000001c280180d40 JavaThread "Exec Stream Pumper" daemon [_thread_in_native, id=17316, stack(0x0000005c40500000,0x0000005c40600000)]
  0x000001c28256df00 JavaThread "Exec Stream Pumper" daemon [_thread_in_native, id=4056, stack(0x0000005c40600000,0x0000005c40700000)]
  0x000001c280185f10 JavaThread "Exec Default Executor" daemon [_thread_in_native, id=18408, stack(0x0000005c40200000,0x0000005c40300000)]
  0x000001c2801803a0 JavaThread "Exec Stream Pumper" daemon [_thread_in_native, id=21016, stack(0x0000005c40400000,0x0000005c40500000)]
  0x000001c280180870 JavaThread "Exec Stream Pumper" daemon [_thread_in_native, id=19940, stack(0x0000005c40700000,0x0000005c40800000)]
  0x000001c282b1ca40 JavaThread "Exec Default Executor" daemon [_thread_in_native, id=15232, stack(0x0000005c40800000,0x0000005c40900000)]
  0x000001c282b1d8b0 JavaThread "Exec Stream Pumper" daemon [_thread_in_native, id=7364, stack(0x0000005c40d00000,0x0000005c40e00000)]
  0x000001c282b16ed0 JavaThread "Exec Stream Pumper" daemon [_thread_in_native, id=11252, stack(0x0000005c40e00000,0x0000005c40f00000)]
  0x000001c2fe281170 JavaThread "C2 CompilerThread1" daemon [_thread_in_native, id=20260, stack(0x0000005c3b500000,0x0000005c3b600000)]
  0x000001c2fe281680 JavaThread "C2 CompilerThread2" daemon [_thread_blocked, id=21500, stack(0x0000005c3bd00000,0x0000005c3be00000)]

Other Threads:
=>0x000001c2f9a94be0 VMThread "VM Thread" [stack: 0x0000005c39e00000,0x0000005c39f00000] [id=480]
  0x000001c2db1cdb40 WatcherThread [stack: 0x0000005c3a900000,0x0000005c3aa00000] [id=1268]
  0x000001c2db1aeda0 GCTaskThread "GC Thread#0" [stack: 0x0000005c39900000,0x0000005c39a00000] [id=13292]
  0x000001c2fa9cf150 GCTaskThread "GC Thread#1" [stack: 0x0000005c3ae00000,0x0000005c3af00000] [id=17272]
  0x000001c2fa9d0420 GCTaskThread "GC Thread#2" [stack: 0x0000005c3af00000,0x0000005c3b000000] [id=11060]
  0x000001c2fa9d0980 GCTaskThread "GC Thread#3" [stack: 0x0000005c3b000000,0x0000005c3b100000] [id=9548]
  0x000001c2fa9d0170 GCTaskThread "GC Thread#4" [stack: 0x0000005c3b100000,0x0000005c3b200000] [id=20344]
  0x000001c2fa9cf400 GCTaskThread "GC Thread#5" [stack: 0x0000005c3b200000,0x0000005c3b300000] [id=18932]
  0x000001c2fa9d0c30 GCTaskThread "GC Thread#6" [stack: 0x0000005c3b300000,0x0000005c3b400000] [id=10080]
  0x000001c2fa9cfec0 GCTaskThread "GC Thread#7" [stack: 0x0000005c3b400000,0x0000005c3b500000] [id=19596]
  0x000001c2db1bf770 ConcurrentGCThread "G1 Main Marker" [stack: 0x0000005c39a00000,0x0000005c39b00000] [id=9400]
  0x000001c2db1c1d30 ConcurrentGCThread "G1 Conc#0" [stack: 0x0000005c39b00000,0x0000005c39c00000] [id=7820]
  0x000001c2fd649aa0 ConcurrentGCThread "G1 Conc#1" [stack: 0x0000005c3b600000,0x0000005c3b700000] [id=20036]
  0x000001c2db20e700 ConcurrentGCThread "G1 Refine#0" [stack: 0x0000005c39c00000,0x0000005c39d00000] [id=752]
  0x000001c2f992e2a0 ConcurrentGCThread "G1 Service" [stack: 0x0000005c39d00000,0x0000005c39e00000] [id=16792]

Threads with active compile tasks:
C2 CompilerThread0  18290787 16332   !   4       freemarker.ext.beans.ClassIntrospector::get (330 bytes)
C2 CompilerThread1  18290787 16389       4       freemarker.core.Dot::_eval (57 bytes)
C2 CompilerThread2  18290787 16460       4       java.text.SimpleDateFormat::subFormat (1264 bytes)

VM state: at safepoint (normal execution)

VM Mutex/Monitor currently owned by a thread:  ([mutex/lock_event])
[0x000001c2d909b240] Threads_lock - owner thread: 0x000001c2f9a94be0
[0x000001c2d909b7e0] Heap_lock - owner thread: 0x000001c2db145b90

OutOfMemory and StackOverflow Exception counts:
OutOfMemoryError java_heap_errors=2
LinkageErrors=84

Heap address: 0x0000000705600000, size: 4010 MB, Compressed Oops mode: Zero based, Oop shift amount: 3

CDS archive(s) not mapped
Compressed class space mapped at: 0x0000000800000000-0x0000000840000000, reserved size: 1073741824
Narrow klass base: 0x0000000800000000, Narrow klass shift: 0, Narrow klass range: 0x40000000

GC Precious Log:
 CPUs: 8 total, 8 available
 Memory: 16039M
 Large Page Support: Disabled
 NUMA Support: Disabled
 Compressed Oops: Enabled (Zero based)
 Heap Region Size: 2M
 Heap Min Capacity: 8M
 Heap Initial Capacity: 252M
 Heap Max Capacity: 4010M
 Pre-touch: Disabled
 Parallel Workers: 8
 Concurrent Workers: 2
 Concurrent Refinement Workers: 8
 Periodic GC: Disabled

Heap:
 garbage-first heap   total 487424K, used 195516K [0x0000000705600000, 0x0000000800000000)
  region size 2048K, 1 young (2048K), 1 survivors (2048K)
 Metaspace       used 76856K, committed 77952K, reserved 1122304K
  class space    used 8528K, committed 9024K, reserved 1048576K

Heap Regions: E=young(eden), S=young(survivor), O=old, HS=humongous(starts), HC=humongous(continues), CS=collection set, F=free, OA=open archive, CA=closed archive, TAMS=top-at-mark-start (previous, next)
|   0|0x0000000705600000, 0x0000000705800000, 0x0000000705800000|100%| O|  |TAMS 0x0000000705800000, 0x0000000705800000| Untracked 
|   1|0x0000000705800000, 0x0000000705a00000, 0x0000000705a00000|100%| O|  |TAMS 0x0000000705a00000, 0x0000000705a00000| Untracked 
|   2|0x0000000705a00000, 0x0000000705c00000, 0x0000000705c00000|100%| O|  |TAMS 0x0000000705c00000, 0x0000000705c00000| Untracked 
|   3|0x0000000705c00000, 0x0000000705e00000, 0x0000000705e00000|100%| O|  |TAMS 0x0000000705e00000, 0x0000000705e00000| Untracked 
|   4|0x0000000705e00000, 0x0000000706000000, 0x0000000706000000|100%| O|  |TAMS 0x0000000706000000, 0x0000000706000000| Untracked 
|   5|0x0000000706000000, 0x00000007060a8400, 0x0000000706200000| 32%| O|  |TAMS 0x00000007060a8400, 0x00000007060a8400| Untracked 
|   6|0x0000000706200000, 0x0000000706400000, 0x0000000706400000|100%| O|  |TAMS 0x0000000706400000, 0x0000000706400000| Untracked 
|   7|0x0000000706400000, 0x0000000706600000, 0x0000000706600000|100%| O|  |TAMS 0x0000000706600000, 0x0000000706600000| Untracked 
|   8|0x0000000706600000, 0x0000000706800000, 0x0000000706800000|100%| O|  |TAMS 0x0000000706800000, 0x0000000706800000| Untracked 
|   9|0x0000000706800000, 0x0000000706a00000, 0x0000000706a00000|100%| O|  |TAMS 0x0000000706a00000, 0x0000000706a00000| Untracked 
|  10|0x0000000706a00000, 0x0000000706c00000, 0x0000000706c00000|100%| O|  |TAMS 0x0000000706c00000, 0x0000000706c00000| Untracked 
|  11|0x0000000706c00000, 0x0000000706e00000, 0x0000000706e00000|100%| O|  |TAMS 0x0000000706e00000, 0x0000000706e00000| Untracked 
|  12|0x0000000706e00000, 0x0000000707000000, 0x0000000707000000|100%| O|  |TAMS 0x0000000707000000, 0x0000000707000000| Untracked 
|  13|0x0000000707000000, 0x0000000707200000, 0x0000000707200000|100%| O|  |TAMS 0x0000000707091400, 0x0000000707200000| Untracked 
|  14|0x0000000707200000, 0x0000000707400000, 0x0000000707400000|100%| O|  |TAMS 0x0000000707200000, 0x0000000707400000| Untracked 
|  15|0x0000000707400000, 0x0000000707600000, 0x0000000707600000|100%| O|  |TAMS 0x0000000707400000, 0x0000000707600000| Untracked 
|  16|0x0000000707600000, 0x0000000707800000, 0x0000000707800000|100%| O|  |TAMS 0x0000000707600000, 0x0000000707800000| Untracked 
|  17|0x0000000707800000, 0x0000000707a00000, 0x0000000707a00000|100%| O|  |TAMS 0x0000000707800000, 0x0000000707a00000| Untracked 
|  18|0x0000000707a00000, 0x0000000707c00000, 0x0000000707c00000|100%| O|  |TAMS 0x0000000707a00000, 0x0000000707c00000| Untracked 
|  19|0x0000000707c00000, 0x0000000707e00000, 0x0000000707e00000|100%| O|  |TAMS 0x0000000707c00000, 0x0000000707e00000| Untracked 
|  20|0x0000000707e00000, 0x0000000708000000, 0x0000000708000000|100%| O|  |TAMS 0x0000000707e00000, 0x0000000708000000| Untracked 
|  21|0x0000000708000000, 0x0000000708200000, 0x0000000708200000|100%| O|  |TAMS 0x0000000708000000, 0x0000000708200000| Untracked 
|  22|0x0000000708200000, 0x0000000708400000, 0x0000000708400000|100%| O|  |TAMS 0x0000000708200000, 0x0000000708400000| Untracked 
|  23|0x0000000708400000, 0x0000000708600000, 0x0000000708600000|100%| O|  |TAMS 0x0000000708400000, 0x0000000708600000| Untracked 
|  24|0x0000000708600000, 0x0000000708800000, 0x0000000708800000|100%| O|  |TAMS 0x0000000708600000, 0x0000000708800000| Untracked 
|  25|0x0000000708800000, 0x0000000708a00000, 0x0000000708a00000|100%|HS|  |TAMS 0x0000000708800000, 0x0000000708a00000| Complete 
|  26|0x0000000708a00000, 0x0000000708c00000, 0x0000000708c00000|100%|HS|  |TAMS 0x0000000708a00000, 0x0000000708c00000| Complete 
|  27|0x0000000708c00000, 0x0000000708e00000, 0x0000000708e00000|100%|HS|  |TAMS 0x0000000708c00000, 0x0000000708e00000| Complete 
|  28|0x0000000708e00000, 0x0000000709000000, 0x0000000709000000|100%|HS|  |TAMS 0x0000000708e00000, 0x0000000709000000| Complete 
|  29|0x0000000709000000, 0x0000000709200000, 0x0000000709200000|100%|HS|  |TAMS 0x0000000709000000, 0x0000000709200000| Complete 
|  30|0x0000000709200000, 0x0000000709400000, 0x0000000709400000|100%|HS|  |TAMS 0x0000000709200000, 0x0000000709400000| Complete 
|  31|0x0000000709400000, 0x0000000709600000, 0x0000000709600000|100%|HS|  |TAMS 0x0000000709400000, 0x0000000709600000| Complete 
|  32|0x0000000709600000, 0x0000000709800000, 0x0000000709800000|100%|HS|  |TAMS 0x0000000709600000, 0x0000000709800000| Complete 
|  33|0x0000000709800000, 0x0000000709a00000, 0x0000000709a00000|100%|HS|  |TAMS 0x0000000709800000, 0x0000000709a00000| Complete 
|  34|0x0000000709a00000, 0x0000000709c00000, 0x0000000709c00000|100%|HS|  |TAMS 0x0000000709a00000, 0x0000000709c00000| Complete 
|  35|0x0000000709c00000, 0x0000000709e00000, 0x0000000709e00000|100%| O|  |TAMS 0x0000000709c00000, 0x0000000709e00000| Untracked 
|  36|0x0000000709e00000, 0x000000070a000000, 0x000000070a000000|100%|HS|  |TAMS 0x0000000709e00000, 0x000000070a000000| Complete 
|  37|0x000000070a000000, 0x000000070a200000, 0x000000070a200000|100%|HS|  |TAMS 0x000000070a000000, 0x000000070a200000| Complete 
|  38|0x000000070a200000, 0x000000070a400000, 0x000000070a400000|100%|HS|  |TAMS 0x000000070a200000, 0x000000070a400000| Complete 
|  39|0x000000070a400000, 0x000000070a600000, 0x000000070a600000|100%|HS|  |TAMS 0x000000070a400000, 0x000000070a600000| Complete 
|  40|0x000000070a600000, 0x000000070a800000, 0x000000070a800000|100%|HS|  |TAMS 0x000000070a600000, 0x000000070a800000| Complete 
|  41|0x000000070a800000, 0x000000070a800000, 0x000000070aa00000|  0%| F|  |TAMS 0x000000070a800000, 0x000000070a800000| Untracked 
|  42|0x000000070aa00000, 0x000000070ac00000, 0x000000070ac00000|100%|HS|  |TAMS 0x000000070aa00000, 0x000000070ac00000| Complete 
|  43|0x000000070ac00000, 0x000000070ac00000, 0x000000070ae00000|  0%| F|  |TAMS 0x000000070ac00000, 0x000000070ac00000| Untracked 
|  44|0x000000070ae00000, 0x000000070b000000, 0x000000070b000000|100%|HS|  |TAMS 0x000000070ae00000, 0x000000070b000000| Complete 
|  45|0x000000070b000000, 0x000000070b200000, 0x000000070b200000|100%|HS|  |TAMS 0x000000070b000000, 0x000000070b200000| Complete 
|  46|0x000000070b200000, 0x000000070b400000, 0x000000070b400000|100%|HS|  |TAMS 0x000000070b200000, 0x000000070b400000| Complete 
|  47|0x000000070b400000, 0x000000070b400000, 0x000000070b600000|  0%| F|  |TAMS 0x000000070b400000, 0x000000070b400000| Untracked 
|  48|0x000000070b600000, 0x000000070b800000, 0x000000070b800000|100%|HS|  |TAMS 0x000000070b600000, 0x000000070b800000| Complete 
|  49|0x000000070b800000, 0x000000070ba00000, 0x000000070ba00000|100%|HS|  |TAMS 0x000000070b800000, 0x000000070ba00000| Complete 
|  50|0x000000070ba00000, 0x000000070bc00000, 0x000000070bc00000|100%|HS|  |TAMS 0x000000070ba00000, 0x000000070bc00000| Complete 
|  51|0x000000070bc00000, 0x000000070be00000, 0x000000070be00000|100%|HS|  |TAMS 0x000000070bc00000, 0x000000070be00000| Complete 
|  52|0x000000070be00000, 0x000000070c000000, 0x000000070c000000|100%|HS|  |TAMS 0x000000070be00000, 0x000000070c000000| Complete 
|  53|0x000000070c000000, 0x000000070c200000, 0x000000070c200000|100%|HS|  |TAMS 0x000000070c000000, 0x000000070c200000| Complete 
|  54|0x000000070c200000, 0x000000070c400000, 0x000000070c400000|100%|HS|  |TAMS 0x000000070c200000, 0x000000070c400000| Complete 
|  55|0x000000070c400000, 0x000000070c600000, 0x000000070c600000|100%|HS|  |TAMS 0x000000070c400000, 0x000000070c600000| Complete 
|  56|0x000000070c600000, 0x000000070c800000, 0x000000070c800000|100%|HS|  |TAMS 0x000000070c600000, 0x000000070c800000| Complete 
|  57|0x000000070c800000, 0x000000070ca00000, 0x000000070ca00000|100%|HS|  |TAMS 0x000000070c800000, 0x000000070ca00000| Complete 
|  58|0x000000070ca00000, 0x000000070ca00000, 0x000000070cc00000|  0%| F|  |TAMS 0x000000070ca00000, 0x000000070ca00000| Untracked 
|  59|0x000000070cc00000, 0x000000070ce00000, 0x000000070ce00000|100%|HS|  |TAMS 0x000000070cc00000, 0x000000070ce00000| Complete 
|  60|0x000000070ce00000, 0x000000070d000000, 0x000000070d000000|100%|HS|  |TAMS 0x000000070ce00000, 0x000000070d000000| Complete 
|  61|0x000000070d000000, 0x000000070d200000, 0x000000070d200000|100%|HS|  |TAMS 0x000000070d000000, 0x000000070d200000| Complete 
|  62|0x000000070d200000, 0x000000070d400000, 0x000000070d400000|100%|HS|  |TAMS 0x000000070d200000, 0x000000070d400000| Complete 
|  63|0x000000070d400000, 0x000000070d600000, 0x000000070d600000|100%|HS|  |TAMS 0x000000070d400000, 0x000000070d600000| Complete 
|  64|0x000000070d600000, 0x000000070d800000, 0x000000070d800000|100%|HS|  |TAMS 0x000000070d600000, 0x000000070d800000| Complete 
|  65|0x000000070d800000, 0x000000070da00000, 0x000000070da00000|100%|HS|  |TAMS 0x000000070d800000, 0x000000070da00000| Complete 
|  66|0x000000070da00000, 0x000000070dc00000, 0x000000070dc00000|100%|HS|  |TAMS 0x000000070da00000, 0x000000070dc00000| Complete 
|  67|0x000000070dc00000, 0x000000070de00000, 0x000000070de00000|100%|HS|  |TAMS 0x000000070dc00000, 0x000000070de00000| Complete 
|  68|0x000000070de00000, 0x000000070dee9400, 0x000000070e000000| 45%| O|  |TAMS 0x000000070de00000, 0x000000070dee8a00| Untracked 
|  69|0x000000070e000000, 0x000000070e200000, 0x000000070e200000|100%|HS|  |TAMS 0x000000070e000000, 0x000000070e200000| Complete 
|  70|0x000000070e200000, 0x000000070e400000, 0x000000070e400000|100%|HS|  |TAMS 0x000000070e200000, 0x000000070e400000| Complete 
|  71|0x000000070e400000, 0x000000070e600000, 0x000000070e600000|100%|HS|  |TAMS 0x000000070e400000, 0x000000070e600000| Complete 
|  72|0x000000070e600000, 0x000000070e600000, 0x000000070e800000|  0%| F|  |TAMS 0x000000070e600000, 0x000000070e600000| Untracked 
|  73|0x000000070e800000, 0x000000070e800000, 0x000000070ea00000|  0%| F|  |TAMS 0x000000070e800000, 0x000000070e800000| Untracked 
|  74|0x000000070ea00000, 0x000000070ec00000, 0x000000070ec00000|100%|HS|  |TAMS 0x000000070ea00000, 0x000000070ec00000| Complete 
|  75|0x000000070ec00000, 0x000000070ec00000, 0x000000070ee00000|  0%| F|  |TAMS 0x000000070ec00000, 0x000000070ec00000| Untracked 
|  76|0x000000070ee00000, 0x000000070f000000, 0x000000070f000000|100%|HS|  |TAMS 0x000000070ee00000, 0x000000070f000000| Complete 
|  77|0x000000070f000000, 0x000000070f200000, 0x000000070f200000|100%|HS|  |TAMS 0x000000070f000000, 0x000000070f200000| Complete 
|  78|0x000000070f200000, 0x000000070f400000, 0x000000070f400000|100%|HS|  |TAMS 0x000000070f200000, 0x000000070f400000| Complete 
|  79|0x000000070f400000, 0x000000070f400000, 0x000000070f600000|  0%| F|  |TAMS 0x000000070f400000, 0x000000070f400000| Untracked 
|  80|0x000000070f600000, 0x000000070f800000, 0x000000070f800000|100%|HS|  |TAMS 0x000000070f600000, 0x000000070f800000| Complete 
|  81|0x000000070f800000, 0x000000070fa00000, 0x000000070fa00000|100%|HS|  |TAMS 0x000000070f800000, 0x000000070fa00000| Complete 
|  82|0x000000070fa00000, 0x000000070fa00000, 0x000000070fc00000|  0%| F|  |TAMS 0x000000070fa00000, 0x000000070fa00000| Untracked 
|  83|0x000000070fc00000, 0x000000070fe00000, 0x000000070fe00000|100%|HS|  |TAMS 0x000000070fc00000, 0x000000070fe00000| Complete 
|  84|0x000000070fe00000, 0x000000070fe00000, 0x0000000710000000|  0%| F|  |TAMS 0x000000070fe00000, 0x000000070fe00000| Untracked 
|  85|0x0000000710000000, 0x0000000710000000, 0x0000000710200000|  0%| F|  |TAMS 0x0000000710000000, 0x0000000710000000| Untracked 
|  86|0x0000000710200000, 0x0000000710200000, 0x0000000710400000|  0%| F|  |TAMS 0x0000000710200000, 0x0000000710200000| Untracked 
|  87|0x0000000710400000, 0x0000000710400000, 0x0000000710600000|  0%| F|  |TAMS 0x0000000710400000, 0x0000000710400000| Untracked 
|  88|0x0000000710600000, 0x0000000710600000, 0x0000000710800000|  0%| F|  |TAMS 0x0000000710600000, 0x0000000710600000| Untracked 
|  89|0x0000000710800000, 0x0000000710800000, 0x0000000710a00000|  0%| F|  |TAMS 0x0000000710800000, 0x0000000710800000| Untracked 
|  90|0x0000000710a00000, 0x0000000710a00000, 0x0000000710c00000|  0%| F|  |TAMS 0x0000000710a00000, 0x0000000710a00000| Untracked 
|  91|0x0000000710c00000, 0x0000000710c00000, 0x0000000710e00000|  0%| F|  |TAMS 0x0000000710c00000, 0x0000000710c00000| Untracked 
|  92|0x0000000710e00000, 0x0000000710e00000, 0x0000000711000000|  0%| F|  |TAMS 0x0000000710e00000, 0x0000000710e00000| Untracked 
|  93|0x0000000711000000, 0x0000000711000000, 0x0000000711200000|  0%| F|  |TAMS 0x0000000711000000, 0x0000000711000000| Untracked 
|  94|0x0000000711200000, 0x0000000711200000, 0x0000000711400000|  0%| F|  |TAMS 0x0000000711200000, 0x0000000711200000| Untracked 
|  95|0x0000000711400000, 0x0000000711400000, 0x0000000711600000|  0%| F|  |TAMS 0x0000000711400000, 0x0000000711400000| Untracked 
|  96|0x0000000711600000, 0x0000000711600000, 0x0000000711800000|  0%| F|  |TAMS 0x0000000711600000, 0x0000000711600000| Untracked 
|  97|0x0000000711800000, 0x0000000711800000, 0x0000000711a00000|  0%| F|  |TAMS 0x0000000711800000, 0x0000000711800000| Untracked 
|  98|0x0000000711a00000, 0x0000000711a00000, 0x0000000711c00000|  0%| F|  |TAMS 0x0000000711a00000, 0x0000000711a00000| Untracked 
|  99|0x0000000711c00000, 0x0000000711c00000, 0x0000000711e00000|  0%| F|  |TAMS 0x0000000711c00000, 0x0000000711c00000| Untracked 
| 100|0x0000000711e00000, 0x0000000711e00000, 0x0000000712000000|  0%| F|  |TAMS 0x0000000711e00000, 0x0000000711e00000| Untracked 
| 101|0x0000000712000000, 0x0000000712000000, 0x0000000712200000|  0%| F|  |TAMS 0x0000000712000000, 0x0000000712000000| Untracked 
| 102|0x0000000712200000, 0x0000000712200000, 0x0000000712400000|  0%| F|  |TAMS 0x0000000712200000, 0x0000000712200000| Untracked 
| 103|0x0000000712400000, 0x0000000712400000, 0x0000000712600000|  0%| F|  |TAMS 0x0000000712400000, 0x0000000712400000| Untracked 
| 104|0x0000000712600000, 0x0000000712800000, 0x0000000712800000|100%|HS|  |TAMS 0x0000000712600000, 0x0000000712800000| Complete 
| 105|0x0000000712800000, 0x0000000712a00000, 0x0000000712a00000|100%|HC|  |TAMS 0x0000000712800000, 0x0000000712a00000| Complete 
| 106|0x0000000712a00000, 0x0000000712c00000, 0x0000000712c00000|100%|HC|  |TAMS 0x0000000712a00000, 0x0000000712c00000| Complete 
| 107|0x0000000712c00000, 0x0000000712e00000, 0x0000000712e00000|100%|HC|  |TAMS 0x0000000712c00000, 0x0000000712e00000| Complete 
| 108|0x0000000712e00000, 0x0000000713000000, 0x0000000713000000|100%|HC|  |TAMS 0x0000000712e00000, 0x0000000713000000| Complete 
| 109|0x0000000713000000, 0x0000000713200000, 0x0000000713200000|100%|HC|  |TAMS 0x0000000713000000, 0x0000000713200000| Complete 
| 110|0x0000000713200000, 0x0000000713400000, 0x0000000713400000|100%|HC|  |TAMS 0x0000000713200000, 0x0000000713400000| Complete 
| 111|0x0000000713400000, 0x0000000713600000, 0x0000000713600000|100%|HC|  |TAMS 0x0000000713400000, 0x0000000713600000| Complete 
| 112|0x0000000713600000, 0x0000000713800000, 0x0000000713800000|100%|HC|  |TAMS 0x0000000713600000, 0x0000000713800000| Complete 
| 113|0x0000000713800000, 0x0000000713a00000, 0x0000000713a00000|100%|HC|  |TAMS 0x0000000713800000, 0x0000000713a00000| Complete 
| 114|0x0000000713a00000, 0x0000000713c00000, 0x0000000713c00000|100%|HC|  |TAMS 0x0000000713a00000, 0x0000000713c00000| Complete 
| 115|0x0000000713c00000, 0x0000000713e00000, 0x0000000713e00000|100%|HC|  |TAMS 0x0000000713c00000, 0x0000000713e00000| Complete 
| 116|0x0000000713e00000, 0x0000000714000000, 0x0000000714000000|100%|HC|  |TAMS 0x0000000713e00000, 0x0000000714000000| Complete 
| 117|0x0000000714000000, 0x0000000714200000, 0x0000000714200000|100%|HC|  |TAMS 0x0000000714000000, 0x0000000714200000| Complete 
| 118|0x0000000714200000, 0x0000000714400000, 0x0000000714400000|100%|HC|  |TAMS 0x0000000714200000, 0x0000000714400000| Complete 
| 119|0x0000000714400000, 0x0000000714600000, 0x0000000714600000|100%|HC|  |TAMS 0x0000000714400000, 0x0000000714600000| Complete 
| 120|0x0000000714600000, 0x0000000714800000, 0x0000000714800000|100%|HC|  |TAMS 0x0000000714600000, 0x0000000714800000| Complete 
| 121|0x0000000714800000, 0x0000000714a00000, 0x0000000714a00000|100%|HC|  |TAMS 0x0000000714800000, 0x0000000714a00000| Complete 
| 122|0x0000000714a00000, 0x0000000714c00000, 0x0000000714c00000|100%|HC|  |TAMS 0x0000000714a00000, 0x0000000714c00000| Complete 
| 123|0x0000000714c00000, 0x0000000714e00000, 0x0000000714e00000|100%|HC|  |TAMS 0x0000000714c00000, 0x0000000714e00000| Complete 
| 124|0x0000000714e00000, 0x0000000715000000, 0x0000000715000000|100%|HC|  |TAMS 0x0000000714e00000, 0x0000000715000000| Complete 
| 125|0x0000000715000000, 0x0000000715000000, 0x0000000715200000|  0%| F|  |TAMS 0x0000000715000000, 0x0000000715000000| Untracked 
| 126|0x0000000715200000, 0x0000000715200000, 0x0000000715400000|  0%| F|  |TAMS 0x0000000715200000, 0x0000000715200000| Untracked 
| 127|0x0000000715400000, 0x0000000715400000, 0x0000000715600000|  0%| F|  |TAMS 0x0000000715400000, 0x0000000715400000| Untracked 
| 128|0x0000000715600000, 0x0000000715600000, 0x0000000715800000|  0%| F|  |TAMS 0x0000000715600000, 0x0000000715600000| Untracked 
| 129|0x0000000715800000, 0x0000000715800000, 0x0000000715a00000|  0%| F|  |TAMS 0x0000000715800000, 0x0000000715800000| Untracked 
| 130|0x0000000715a00000, 0x0000000715a00000, 0x0000000715c00000|  0%| F|  |TAMS 0x0000000715a00000, 0x0000000715a00000| Untracked 
| 131|0x0000000715c00000, 0x0000000715c00000, 0x0000000715e00000|  0%| F|  |TAMS 0x0000000715c00000, 0x0000000715c00000| Untracked 
| 132|0x0000000715e00000, 0x0000000715e00000, 0x0000000716000000|  0%| F|  |TAMS 0x0000000715e00000, 0x0000000715e00000| Untracked 
| 133|0x0000000716000000, 0x0000000716000000, 0x0000000716200000|  0%| F|  |TAMS 0x0000000716000000, 0x0000000716000000| Untracked 
| 134|0x0000000716200000, 0x0000000716200000, 0x0000000716400000|  0%| F|  |TAMS 0x0000000716200000, 0x0000000716200000| Untracked 
| 135|0x0000000716400000, 0x0000000716400000, 0x0000000716600000|  0%| F|  |TAMS 0x0000000716400000, 0x0000000716400000| Untracked 
| 136|0x0000000716600000, 0x0000000716600000, 0x0000000716800000|  0%| F|  |TAMS 0x0000000716600000, 0x0000000716600000| Untracked 
| 137|0x0000000716800000, 0x0000000716800000, 0x0000000716a00000|  0%| F|  |TAMS 0x0000000716800000, 0x0000000716800000| Untracked 
| 138|0x0000000716a00000, 0x0000000716a00000, 0x0000000716c00000|  0%| F|  |TAMS 0x0000000716a00000, 0x0000000716a00000| Untracked 
| 139|0x0000000716c00000, 0x0000000716c00000, 0x0000000716e00000|  0%| F|  |TAMS 0x0000000716c00000, 0x0000000716c00000| Untracked 
| 140|0x0000000716e00000, 0x0000000716e00000, 0x0000000717000000|  0%| F|  |TAMS 0x0000000716e00000, 0x0000000716e00000| Untracked 
| 141|0x0000000717000000, 0x0000000717000000, 0x0000000717200000|  0%| F|  |TAMS 0x0000000717000000, 0x0000000717000000| Untracked 
| 142|0x0000000717200000, 0x0000000717200000, 0x0000000717400000|  0%| F|  |TAMS 0x0000000717200000, 0x0000000717200000| Untracked 
| 143|0x0000000717400000, 0x0000000717400000, 0x0000000717600000|  0%| F|  |TAMS 0x0000000717400000, 0x0000000717400000| Untracked 
| 144|0x0000000717600000, 0x0000000717600000, 0x0000000717800000|  0%| F|  |TAMS 0x0000000717600000, 0x0000000717600000| Untracked 
| 145|0x0000000717800000, 0x0000000717800000, 0x0000000717a00000|  0%| F|  |TAMS 0x0000000717800000, 0x0000000717800000| Untracked 
| 146|0x0000000717a00000, 0x0000000717a00000, 0x0000000717c00000|  0%| F|  |TAMS 0x0000000717a00000, 0x0000000717a00000| Untracked 
| 147|0x0000000717c00000, 0x0000000717c00000, 0x0000000717e00000|  0%| F|  |TAMS 0x0000000717c00000, 0x0000000717c00000| Untracked 
| 148|0x0000000717e00000, 0x0000000717e00000, 0x0000000718000000|  0%| F|  |TAMS 0x0000000717e00000, 0x0000000717e00000| Untracked 
| 149|0x0000000718000000, 0x0000000718000000, 0x0000000718200000|  0%| F|  |TAMS 0x0000000718000000, 0x0000000718000000| Untracked 
| 150|0x0000000718200000, 0x0000000718200000, 0x0000000718400000|  0%| F|  |TAMS 0x0000000718200000, 0x0000000718200000| Untracked 
| 151|0x0000000718400000, 0x0000000718400000, 0x0000000718600000|  0%| F|  |TAMS 0x0000000718400000, 0x0000000718400000| Untracked 
| 152|0x0000000718600000, 0x0000000718600000, 0x0000000718800000|  0%| F|  |TAMS 0x0000000718600000, 0x0000000718600000| Untracked 
| 153|0x0000000718800000, 0x0000000718800000, 0x0000000718a00000|  0%| F|  |TAMS 0x0000000718800000, 0x0000000718800000| Untracked 
| 154|0x0000000718a00000, 0x0000000718a00000, 0x0000000718c00000|  0%| F|  |TAMS 0x0000000718a00000, 0x0000000718a00000| Untracked 
| 155|0x0000000718c00000, 0x0000000718c00000, 0x0000000718e00000|  0%| F|  |TAMS 0x0000000718c00000, 0x0000000718c00000| Untracked 
| 156|0x0000000718e00000, 0x0000000718e00000, 0x0000000719000000|  0%| F|  |TAMS 0x0000000718e00000, 0x0000000718e00000| Untracked 
| 157|0x0000000719000000, 0x0000000719000000, 0x0000000719200000|  0%| F|  |TAMS 0x0000000719000000, 0x0000000719000000| Untracked 
| 158|0x0000000719200000, 0x0000000719200000, 0x0000000719400000|  0%| F|  |TAMS 0x0000000719200000, 0x0000000719200000| Untracked 
| 159|0x0000000719400000, 0x0000000719400000, 0x0000000719600000|  0%| F|  |TAMS 0x0000000719400000, 0x0000000719400000| Untracked 
| 160|0x0000000719600000, 0x0000000719600000, 0x0000000719800000|  0%| F|  |TAMS 0x0000000719600000, 0x0000000719600000| Untracked 
| 161|0x0000000719800000, 0x0000000719800000, 0x0000000719a00000|  0%| F|  |TAMS 0x0000000719800000, 0x0000000719800000| Untracked 
| 162|0x0000000719a00000, 0x0000000719a00000, 0x0000000719c00000|  0%| F|  |TAMS 0x0000000719a00000, 0x0000000719a00000| Untracked 
| 163|0x0000000719c00000, 0x0000000719c00000, 0x0000000719e00000|  0%| F|  |TAMS 0x0000000719c00000, 0x0000000719c00000| Untracked 
| 164|0x0000000719e00000, 0x0000000719e00000, 0x000000071a000000|  0%| F|  |TAMS 0x0000000719e00000, 0x0000000719e00000| Untracked 
| 165|0x000000071a000000, 0x000000071a000000, 0x000000071a200000|  0%| F|  |TAMS 0x000000071a000000, 0x000000071a000000| Untracked 
| 166|0x000000071a200000, 0x000000071a200000, 0x000000071a400000|  0%| F|  |TAMS 0x000000071a200000, 0x000000071a200000| Untracked 
| 167|0x000000071a400000, 0x000000071a400000, 0x000000071a600000|  0%| F|  |TAMS 0x000000071a400000, 0x000000071a400000| Untracked 
| 168|0x000000071a600000, 0x000000071a600000, 0x000000071a800000|  0%| F|  |TAMS 0x000000071a600000, 0x000000071a600000| Untracked 
| 169|0x000000071a800000, 0x000000071a800000, 0x000000071aa00000|  0%| F|  |TAMS 0x000000071a800000, 0x000000071a800000| Untracked 
| 170|0x000000071aa00000, 0x000000071aa00000, 0x000000071ac00000|  0%| F|  |TAMS 0x000000071aa00000, 0x000000071aa00000| Untracked 
| 171|0x000000071ac00000, 0x000000071ac00000, 0x000000071ae00000|  0%| F|  |TAMS 0x000000071ac00000, 0x000000071ac00000| Untracked 
| 172|0x000000071ae00000, 0x000000071ae00000, 0x000000071b000000|  0%| F|  |TAMS 0x000000071ae00000, 0x000000071ae00000| Untracked 
| 173|0x000000071b000000, 0x000000071b000000, 0x000000071b200000|  0%| F|  |TAMS 0x000000071b000000, 0x000000071b000000| Untracked 
| 174|0x000000071b200000, 0x000000071b200000, 0x000000071b400000|  0%| F|  |TAMS 0x000000071b200000, 0x000000071b200000| Untracked 
| 175|0x000000071b400000, 0x000000071b400000, 0x000000071b600000|  0%| F|  |TAMS 0x000000071b400000, 0x000000071b400000| Untracked 
| 176|0x000000071b600000, 0x000000071b600000, 0x000000071b800000|  0%| F|  |TAMS 0x000000071b600000, 0x000000071b600000| Untracked 
| 177|0x000000071b800000, 0x000000071b800000, 0x000000071ba00000|  0%| F|  |TAMS 0x000000071b800000, 0x000000071b800000| Untracked 
| 178|0x000000071ba00000, 0x000000071ba00000, 0x000000071bc00000|  0%| F|  |TAMS 0x000000071ba00000, 0x000000071ba00000| Untracked 
| 179|0x000000071bc00000, 0x000000071bc00000, 0x000000071be00000|  0%| F|  |TAMS 0x000000071bc00000, 0x000000071bc00000| Untracked 
| 180|0x000000071be00000, 0x000000071be00000, 0x000000071c000000|  0%| F|  |TAMS 0x000000071be00000, 0x000000071be00000| Untracked 
| 181|0x000000071c000000, 0x000000071c000000, 0x000000071c200000|  0%| F|  |TAMS 0x000000071c000000, 0x000000071c000000| Untracked 
| 182|0x000000071c200000, 0x000000071c200000, 0x000000071c400000|  0%| F|  |TAMS 0x000000071c200000, 0x000000071c200000| Untracked 
| 183|0x000000071c400000, 0x000000071c400000, 0x000000071c600000|  0%| F|  |TAMS 0x000000071c400000, 0x000000071c400000| Untracked 
| 184|0x000000071c600000, 0x000000071c600000, 0x000000071c800000|  0%| F|  |TAMS 0x000000071c600000, 0x000000071c600000| Untracked 
| 185|0x000000071c800000, 0x000000071c800000, 0x000000071ca00000|  0%| F|  |TAMS 0x000000071c800000, 0x000000071c800000| Untracked 
| 186|0x000000071ca00000, 0x000000071ca00000, 0x000000071cc00000|  0%| F|  |TAMS 0x000000071ca00000, 0x000000071ca00000| Untracked 
| 187|0x000000071cc00000, 0x000000071cc00000, 0x000000071ce00000|  0%| F|  |TAMS 0x000000071cc00000, 0x000000071cc00000| Untracked 
| 188|0x000000071ce00000, 0x000000071ce00000, 0x000000071d000000|  0%| F|  |TAMS 0x000000071ce00000, 0x000000071ce00000| Untracked 
| 189|0x000000071d000000, 0x000000071d000000, 0x000000071d200000|  0%| F|  |TAMS 0x000000071d000000, 0x000000071d000000| Untracked 
| 190|0x000000071d200000, 0x000000071d200000, 0x000000071d400000|  0%| F|  |TAMS 0x000000071d200000, 0x000000071d200000| Untracked 
| 191|0x000000071d400000, 0x000000071d400000, 0x000000071d600000|  0%| F|  |TAMS 0x000000071d400000, 0x000000071d400000| Untracked 
| 192|0x000000071d600000, 0x000000071d600000, 0x000000071d800000|  0%| F|  |TAMS 0x000000071d600000, 0x000000071d600000| Untracked 
| 193|0x000000071d800000, 0x000000071d800000, 0x000000071da00000|  0%| F|  |TAMS 0x000000071d800000, 0x000000071d800000| Untracked 
| 194|0x000000071da00000, 0x000000071da00000, 0x000000071dc00000|  0%| F|  |TAMS 0x000000071da00000, 0x000000071da00000| Untracked 
| 195|0x000000071dc00000, 0x000000071dc00000, 0x000000071de00000|  0%| F|  |TAMS 0x000000071dc00000, 0x000000071dc00000| Untracked 
| 196|0x000000071de00000, 0x000000071de00000, 0x000000071e000000|  0%| F|  |TAMS 0x000000071de00000, 0x000000071de00000| Untracked 
| 197|0x000000071e000000, 0x000000071e000000, 0x000000071e200000|  0%| F|  |TAMS 0x000000071e000000, 0x000000071e000000| Untracked 
| 198|0x000000071e200000, 0x000000071e200000, 0x000000071e400000|  0%| F|  |TAMS 0x000000071e200000, 0x000000071e200000| Untracked 
| 199|0x000000071e400000, 0x000000071e400000, 0x000000071e600000|  0%| F|  |TAMS 0x000000071e400000, 0x000000071e400000| Untracked 
| 200|0x000000071e600000, 0x000000071e600000, 0x000000071e800000|  0%| F|  |TAMS 0x000000071e600000, 0x000000071e600000| Untracked 
| 201|0x000000071e800000, 0x000000071e800000, 0x000000071ea00000|  0%| F|  |TAMS 0x000000071e800000, 0x000000071e800000| Untracked 
| 202|0x000000071ea00000, 0x000000071ea00000, 0x000000071ec00000|  0%| F|  |TAMS 0x000000071ea00000, 0x000000071ea00000| Untracked 
| 203|0x000000071ec00000, 0x000000071ec00000, 0x000000071ee00000|  0%| F|  |TAMS 0x000000071ec00000, 0x000000071ec00000| Untracked 
| 204|0x000000071ee00000, 0x000000071ee00000, 0x000000071f000000|  0%| F|  |TAMS 0x000000071ee00000, 0x000000071ee00000| Untracked 
| 205|0x000000071f000000, 0x000000071f000000, 0x000000071f200000|  0%| F|  |TAMS 0x000000071f000000, 0x000000071f000000| Untracked 
| 206|0x000000071f200000, 0x000000071f200000, 0x000000071f400000|  0%| F|  |TAMS 0x000000071f200000, 0x000000071f200000| Untracked 
| 207|0x000000071f400000, 0x000000071f400000, 0x000000071f600000|  0%| F|  |TAMS 0x000000071f400000, 0x000000071f400000| Untracked 
| 208|0x000000071f600000, 0x000000071f600000, 0x000000071f800000|  0%| F|  |TAMS 0x000000071f600000, 0x000000071f600000| Untracked 
| 209|0x000000071f800000, 0x000000071f800000, 0x000000071fa00000|  0%| F|  |TAMS 0x000000071f800000, 0x000000071f800000| Untracked 
| 210|0x000000071fa00000, 0x000000071fa00000, 0x000000071fc00000|  0%| F|  |TAMS 0x000000071fa00000, 0x000000071fa00000| Untracked 
| 211|0x000000071fc00000, 0x000000071fc00000, 0x000000071fe00000|  0%| F|  |TAMS 0x000000071fc00000, 0x000000071fc00000| Untracked 
| 212|0x000000071fe00000, 0x000000071fe00000, 0x0000000720000000|  0%| F|  |TAMS 0x000000071fe00000, 0x000000071fe00000| Untracked 
| 213|0x0000000720000000, 0x0000000720000000, 0x0000000720200000|  0%| F|  |TAMS 0x0000000720000000, 0x0000000720000000| Untracked 
| 214|0x0000000720200000, 0x0000000720200000, 0x0000000720400000|  0%| F|  |TAMS 0x0000000720200000, 0x0000000720200000| Untracked 
| 215|0x0000000720400000, 0x0000000720400000, 0x0000000720600000|  0%| F|  |TAMS 0x0000000720400000, 0x0000000720400000| Untracked 
| 216|0x0000000720600000, 0x0000000720600000, 0x0000000720800000|  0%| F|  |TAMS 0x0000000720600000, 0x0000000720600000| Untracked 
| 217|0x0000000720800000, 0x0000000720800000, 0x0000000720a00000|  0%| F|  |TAMS 0x0000000720800000, 0x0000000720800000| Untracked 
| 218|0x0000000720a00000, 0x0000000720a00000, 0x0000000720c00000|  0%| F|  |TAMS 0x0000000720a00000, 0x0000000720a00000| Untracked 
| 219|0x0000000720c00000, 0x0000000720c00000, 0x0000000720e00000|  0%| F|  |TAMS 0x0000000720c00000, 0x0000000720c00000| Untracked 
| 220|0x0000000720e00000, 0x0000000720e00000, 0x0000000721000000|  0%| F|  |TAMS 0x0000000720e00000, 0x0000000720e00000| Untracked 
| 221|0x0000000721000000, 0x0000000721000000, 0x0000000721200000|  0%| F|  |TAMS 0x0000000721000000, 0x0000000721000000| Untracked 
| 222|0x0000000721200000, 0x0000000721200000, 0x0000000721400000|  0%| F|  |TAMS 0x0000000721200000, 0x0000000721200000| Untracked 
| 223|0x0000000721400000, 0x0000000721400000, 0x0000000721600000|  0%| F|  |TAMS 0x0000000721400000, 0x0000000721400000| Untracked 
| 224|0x0000000721600000, 0x0000000721600000, 0x0000000721800000|  0%| F|  |TAMS 0x0000000721600000, 0x0000000721600000| Untracked 
| 225|0x0000000721800000, 0x0000000721800000, 0x0000000721a00000|  0%| F|  |TAMS 0x0000000721800000, 0x0000000721800000| Untracked 
| 226|0x0000000721a00000, 0x0000000721a00000, 0x0000000721c00000|  0%| F|  |TAMS 0x0000000721a00000, 0x0000000721a00000| Untracked 
| 227|0x0000000721c00000, 0x0000000721c00000, 0x0000000721e00000|  0%| F|  |TAMS 0x0000000721c00000, 0x0000000721c00000| Untracked 
| 228|0x0000000721e00000, 0x0000000721e00000, 0x0000000722000000|  0%| F|  |TAMS 0x0000000721e00000, 0x0000000721e00000| Untracked 
| 229|0x0000000722000000, 0x0000000722000000, 0x0000000722200000|  0%| F|  |TAMS 0x0000000722000000, 0x0000000722000000| Untracked 
| 230|0x0000000722200000, 0x0000000722200000, 0x0000000722400000|  0%| F|  |TAMS 0x0000000722200000, 0x0000000722200000| Untracked 
| 231|0x0000000722400000, 0x0000000722400000, 0x0000000722600000|  0%| F|  |TAMS 0x0000000722400000, 0x0000000722400000| Untracked 
| 232|0x0000000722600000, 0x0000000722600000, 0x0000000722800000|  0%| F|  |TAMS 0x0000000722600000, 0x0000000722600000| Untracked 
| 233|0x0000000722800000, 0x0000000722800000, 0x0000000722a00000|  0%| F|  |TAMS 0x0000000722800000, 0x0000000722800000| Untracked 
| 234|0x0000000722a00000, 0x0000000722a00000, 0x0000000722c00000|  0%| F|  |TAMS 0x0000000722a00000, 0x0000000722a00000| Untracked 
| 235|0x0000000722c00000, 0x0000000722d5d950, 0x0000000722e00000| 68%| S|CS|TAMS 0x0000000722c00000, 0x0000000722c00000| Complete 
| 236|0x0000000722e00000, 0x0000000722e00000, 0x0000000723000000|  0%| F|  |TAMS 0x0000000722e00000, 0x0000000722e00000| Untracked 
| 237|0x0000000723000000, 0x0000000723000000, 0x0000000723200000|  0%| F|  |TAMS 0x0000000723000000, 0x0000000723000000| Untracked 

Card table byte_map: [0x000001c2ee300000,0x000001c2eeae0000] _byte_map_base: 0x000001c2eaad5000

Marking Bits (Prev, Next): (CMBitMap*) 0x000001c2db1af3f0, (CMBitMap*) 0x000001c2db1af3b0
 Prev Bits: [0x000001c2f3170000, 0x000001c2f7018000)
 Next Bits: [0x000001c2ef2c0000, 0x000001c2f3168000)

Polling page: 0x000001c2da910000

Metaspace:

Usage:
  Non-class:     66.73 MB used.
      Class:      8.33 MB used.
       Both:     75.06 MB used.

Virtual space:
  Non-class space:       72.00 MB reserved,      67.31 MB ( 93%) committed,  9 nodes.
      Class space:        1.00 GB reserved,       8.81 MB ( <1%) committed,  1 nodes.
             Both:        1.07 GB reserved,      76.12 MB (  7%) committed. 

Chunk freelists:
   Non-Class:  304.00 KB
       Class:  3.08 MB
        Both:  3.38 MB

MaxMetaspaceSize: unlimited
CompressedClassSpaceSize: 1.00 GB
Initial GC threshold: 21.00 MB
Current GC threshold: 86.19 MB
CDS: off
MetaspaceReclaimPolicy: balanced
 - commit_granule_bytes: 65536.
 - commit_granule_words: 8192.
 - virtual_space_node_default_size: 1048576.
 - enlarge_chunks_in_place: 1.
 - new_chunks_are_fully_committed: 0.
 - uncommit_free_chunks: 1.
 - use_allocation_guard: 0.
 - handle_deallocations: 1.


Internal statistics:

num_allocs_failed_limit: 6.
num_arena_births: 1378.
num_arena_deaths: 106.
num_vsnodes_births: 10.
num_vsnodes_deaths: 0.
num_space_committed: 1216.
num_space_uncommitted: 0.
num_chunks_returned_to_freelist: 121.
num_chunks_taken_from_freelist: 3839.
num_chunk_merges: 38.
num_chunk_splits: 2311.
num_chunks_enlarged: 1341.
num_purges: 2.
num_inconsistent_stats: 0.

CodeHeap 'non-profiled nmethods': size=120000Kb used=14095Kb max_used=14095Kb free=105904Kb
 bounds [0x000001c2e62c0000, 0x000001c2e7090000, 0x000001c2ed7f0000]
CodeHeap 'profiled nmethods': size=120000Kb used=25002Kb max_used=25002Kb free=94997Kb
 bounds [0x000001c2ded90000, 0x000001c2e0600000, 0x000001c2e62c0000]
CodeHeap 'non-nmethods': size=5760Kb used=2469Kb max_used=2555Kb free=3290Kb
 bounds [0x000001c2de7f0000, 0x000001c2dea80000, 0x000001c2ded90000]
 total_blobs=14022 nmethods=13024 adapters=909
 compilation: enabled
              stopped_count=0, restarted_count=0
 full_count=0

Compilation events (20 events):
Event: 18290.651 Thread 0x000001c2fa492150 16482       2       java.lang.Integer::longValue (6 bytes)
Event: 18290.652 Thread 0x000001c2fa492150 nmethod 16482 0x000001c2e05f4d90 code [0x000001c2e05f4f20, 0x000001c2e05f5038]
Event: 18290.658 Thread 0x000001c2fa492150 16483   !   2       jdk.internal.reflect.GeneratedMethodAccessor161::invoke (61 bytes)
Event: 18290.659 Thread 0x000001c2fa492150 nmethod 16483 0x000001c2e05f5110 code [0x000001c2e05f5300, 0x000001c2e05f5788]
Event: 18290.659 Thread 0x000001c2fa492150 16488       2       java.text.DecimalFormat::subformatNumber (1173 bytes)
Event: 18290.674 Thread 0x000001c2fa492150 nmethod 16488 0x000001c2e05f5a90 code [0x000001c2e05f5f20, 0x000001c2e05f98f8]
Event: 18290.674 Thread 0x000001c2fa492150 16487       2       java.text.DecimalFormat::getPositivePrefixFieldPositions (41 bytes)
Event: 18290.675 Thread 0x000001c2fa492150 nmethod 16487 0x000001c2e05fbc10 code [0x000001c2e05fbdc0, 0x000001c2e05fc008]
Event: 18290.675 Thread 0x000001c2fa492150 16484       2       java.text.DecimalFormat::format (142 bytes)
Event: 18290.676 Thread 0x000001c2fa492150 nmethod 16484 0x000001c2e05fc090 code [0x000001c2e05fc2e0, 0x000001c2e05fcae8]
Event: 18290.676 Thread 0x000001c2fa492150 16485       2       java.text.FieldPosition::getFieldDelegate (9 bytes)
Event: 18290.676 Thread 0x000001c2fa492150 nmethod 16485 0x000001c2e05fcd90 code [0x000001c2e05fcf20, 0x000001c2e05fd0d8]
Event: 18290.676 Thread 0x000001c2fa492150 16486       2       java.text.FieldPosition$Delegate::<init> (10 bytes)
Event: 18290.676 Thread 0x000001c2fa492150 nmethod 16486 0x000001c2e05fd190 code [0x000001c2e05fd320, 0x000001c2e05fd478]
Event: 18290.676 Thread 0x000001c2fa492150 16489       2       freemarker.template.utility.NumberUtil::getSignum (324 bytes)
Event: 18290.679 Thread 0x000001c2fa492150 nmethod 16489 0x000001c2e05fd510 code [0x000001c2e05fd8e0, 0x000001c2e05fef18]
Event: 18290.707 Thread 0x000001c2fa492150 16490       1       freemarker.core.TemplateObject::getTemplate (5 bytes)
Event: 18290.707 Thread 0x000001c2fa492150 nmethod 16490 0x000001c2e707f810 code [0x000001c2e707f9a0, 0x000001c2e707fa78]
Event: 18290.708 Thread 0x000001c2fe281680 nmethod 16375 0x000001c2e707fb10 code [0x000001c2e707fde0, 0x000001c2e7082a40]
Event: 18290.709 Thread 0x000001c2fe281680 16460       4       java.text.SimpleDateFormat::subFormat (1264 bytes)

GC Heap History (20 events):
Event: 18256.317 GC heap after
{Heap after GC invocations=183 (full 0):
 garbage-first heap   total 385024K, used 155221K [0x0000000705600000, 0x0000000800000000)
  region size 2048K, 1 young (2048K), 1 survivors (2048K)
 Metaspace       used 74633K, committed 75648K, reserved 1122304K
  class space    used 8248K, committed 8768K, reserved 1048576K
}
Event: 18289.268 GC heap before
{Heap before GC invocations=183 (full 0):
 garbage-first heap   total 385024K, used 175701K [0x0000000705600000, 0x0000000800000000)
  region size 2048K, 5 young (10240K), 1 survivors (2048K)
 Metaspace       used 74633K, committed 75648K, reserved 1122304K
  class space    used 8248K, committed 8768K, reserved 1048576K
}
Event: 18289.270 GC heap after
{Heap after GC invocations=184 (full 0):
 garbage-first heap   total 385024K, used 150214K [0x0000000705600000, 0x0000000800000000)
  region size 2048K, 1 young (2048K), 1 survivors (2048K)
 Metaspace       used 74633K, committed 75648K, reserved 1122304K
  class space    used 8248K, committed 8768K, reserved 1048576K
}
Event: 18289.362 GC heap before
{Heap before GC invocations=184 (full 0):
 garbage-first heap   total 385024K, used 201414K [0x0000000705600000, 0x0000000800000000)
  region size 2048K, 16 young (32768K), 1 survivors (2048K)
 Metaspace       used 74633K, committed 75648K, reserved 1122304K
  class space    used 8248K, committed 8768K, reserved 1048576K
}
Event: 18289.366 GC heap after
{Heap after GC invocations=185 (full 0):
 garbage-first heap   total 385024K, used 159343K [0x0000000705600000, 0x0000000800000000)
  region size 2048K, 1 young (2048K), 1 survivors (2048K)
 Metaspace       used 74633K, committed 75648K, reserved 1122304K
  class space    used 8248K, committed 8768K, reserved 1048576K
}
Event: 18290.354 GC heap before
{Heap before GC invocations=185 (full 0):
 garbage-first heap   total 385024K, used 185967K [0x0000000705600000, 0x0000000800000000)
  region size 2048K, 9 young (18432K), 1 survivors (2048K)
 Metaspace       used 76660K, committed 77696K, reserved 1122304K
  class space    used 8519K, committed 9024K, reserved 1048576K
}
Event: 18290.358 GC heap after
{Heap after GC invocations=186 (full 0):
 garbage-first heap   total 385024K, used 152994K [0x0000000705600000, 0x0000000800000000)
  region size 2048K, 1 young (2048K), 1 survivors (2048K)
 Metaspace       used 76660K, committed 77696K, reserved 1122304K
  class space    used 8519K, committed 9024K, reserved 1048576K
}
Event: 18290.445 GC heap before
{Heap before GC invocations=186 (full 0):
 garbage-first heap   total 385024K, used 171426K [0x0000000705600000, 0x0000000800000000)
  region size 2048K, 6 young (12288K), 1 survivors (2048K)
 Metaspace       used 76748K, committed 77824K, reserved 1122304K
  class space    used 8526K, committed 9024K, reserved 1048576K
}
Event: 18290.448 GC heap after
{Heap after GC invocations=187 (full 0):
 garbage-first heap   total 385024K, used 159078K [0x0000000705600000, 0x0000000800000000)
  region size 2048K, 1 young (2048K), 1 survivors (2048K)
 Metaspace       used 76748K, committed 77824K, reserved 1122304K
  class space    used 8526K, committed 9024K, reserved 1048576K
}
Event: 18290.510 GC heap before
{Heap before GC invocations=187 (full 0):
 garbage-first heap   total 385024K, used 177510K [0x0000000705600000, 0x0000000800000000)
  region size 2048K, 6 young (12288K), 1 survivors (2048K)
 Metaspace       used 76771K, committed 77824K, reserved 1122304K
  class space    used 8527K, committed 9024K, reserved 1048576K
}
Event: 18290.514 GC heap after
{Heap after GC invocations=188 (full 0):
 garbage-first heap   total 385024K, used 164993K [0x0000000705600000, 0x0000000800000000)
  region size 2048K, 1 young (2048K), 1 survivors (2048K)
 Metaspace       used 76771K, committed 77824K, reserved 1122304K
  class space    used 8527K, committed 9024K, reserved 1048576K
}
Event: 18290.663 GC heap before
{Heap before GC invocations=188 (full 0):
 garbage-first heap   total 385024K, used 203905K [0x0000000705600000, 0x0000000800000000)
  region size 2048K, 11 young (22528K), 1 survivors (2048K)
 Metaspace       used 76845K, committed 77952K, reserved 1122304K
  class space    used 8528K, committed 9024K, reserved 1048576K
}
Event: 18290.667 GC heap after
{Heap after GC invocations=189 (full 0):
 garbage-first heap   total 487424K, used 175001K [0x0000000705600000, 0x0000000800000000)
  region size 2048K, 1 young (2048K), 1 survivors (2048K)
 Metaspace       used 76845K, committed 77952K, reserved 1122304K
  class space    used 8528K, committed 9024K, reserved 1048576K
}
Event: 18290.669 GC heap before
{Heap before GC invocations=189 (full 0):
 garbage-first heap   total 487424K, used 183193K [0x0000000705600000, 0x0000000800000000)
  region size 2048K, 2 young (4096K), 1 survivors (2048K)
 Metaspace       used 76845K, committed 77952K, reserved 1122304K
  class space    used 8528K, committed 9024K, reserved 1048576K
}
Event: 18290.673 GC heap after
{Heap after GC invocations=190 (full 0):
 garbage-first heap   total 487424K, used 177059K [0x0000000705600000, 0x0000000800000000)
  region size 2048K, 1 young (2048K), 1 survivors (2048K)
 Metaspace       used 76845K, committed 77952K, reserved 1122304K
  class space    used 8528K, committed 9024K, reserved 1048576K
}
Event: 18290.690 GC heap before
{Heap before GC invocations=190 (full 0):
 garbage-first heap   total 487424K, used 220067K [0x0000000705600000, 0x0000000800000000)
  region size 2048K, 2 young (4096K), 1 survivors (2048K)
 Metaspace       used 76856K, committed 77952K, reserved 1122304K
  class space    used 8528K, committed 9024K, reserved 1048576K
}
Event: 18290.693 GC heap after
{Heap after GC invocations=191 (full 0):
 garbage-first heap   total 487424K, used 195547K [0x0000000705600000, 0x0000000800000000)
  region size 2048K, 1 young (2048K), 1 survivors (2048K)
 Metaspace       used 76856K, committed 77952K, reserved 1122304K
  class space    used 8528K, committed 9024K, reserved 1048576K
}
Event: 18290.699 GC heap before
{Heap before GC invocations=191 (full 0):
 garbage-first heap   total 487424K, used 218075K [0x0000000705600000, 0x0000000800000000)
  region size 2048K, 2 young (4096K), 1 survivors (2048K)
 Metaspace       used 76856K, committed 77952K, reserved 1122304K
  class space    used 8528K, committed 9024K, reserved 1048576K
}
Event: 18290.703 GC heap after
{Heap after GC invocations=192 (full 0):
 garbage-first heap   total 487424K, used 199620K [0x0000000705600000, 0x0000000800000000)
  region size 2048K, 1 young (2048K), 1 survivors (2048K)
 Metaspace       used 76856K, committed 77952K, reserved 1122304K
  class space    used 8528K, committed 9024K, reserved 1048576K
}
Event: 18290.711 GC heap before
{Heap before GC invocations=192 (full 0):
 garbage-first heap   total 487424K, used 218052K [0x0000000705600000, 0x0000000800000000)
  region size 2048K, 2 young (4096K), 1 survivors (2048K)
 Metaspace       used 76856K, committed 77952K, reserved 1122304K
  class space    used 8528K, committed 9024K, reserved 1048576K
}

Deoptimization events (20 events):
Event: 18290.183 Thread 0x000001c2db145b90 Uncommon trap: trap_request=0xffffff45 fr.pc=0x000001c2e6cdb738 relative=0x0000000000000198
Event: 18290.183 Thread 0x000001c2db145b90 Uncommon trap: reason=unstable_if action=reinterpret pc=0x000001c2e6cdb738 method=java.util.Vector.add(Ljava/lang/Object;[Ljava/lang/Object;I)V @ 3 c2
Event: 18290.184 Thread 0x000001c2db145b90 DEOPT PACKING pc=0x000001c2e6cdb738 sp=0x0000005c398fda80
Event: 18290.184 Thread 0x000001c2db145b90 DEOPT UNPACKING pc=0x000001c2de845c23 sp=0x0000005c398fda48 mode 2
Event: 18290.218 Thread 0x000001c2db145b90 Uncommon trap: trap_request=0xffffff45 fr.pc=0x000001c2e6907ca0 relative=0x0000000000002ae0
Event: 18290.218 Thread 0x000001c2db145b90 Uncommon trap: reason=unstable_if action=reinterpret pc=0x000001c2e6907ca0 method=java.text.SimpleDateFormat.compile(Ljava/lang/String;)[C @ 336 c2
Event: 18290.218 Thread 0x000001c2db145b90 DEOPT PACKING pc=0x000001c2e6907ca0 sp=0x0000005c398fd7c0
Event: 18290.218 Thread 0x000001c2db145b90 DEOPT UNPACKING pc=0x000001c2de845c23 sp=0x0000005c398fd7b0 mode 2
Event: 18290.219 Thread 0x000001c2db145b90 Uncommon trap: trap_request=0xffffff45 fr.pc=0x000001c2e6a843e0 relative=0x0000000000005fa0
Event: 18290.219 Thread 0x000001c2db145b90 Uncommon trap: reason=unstable_if action=reinterpret pc=0x000001c2e6a843e0 method=java.text.SimpleDateFormat.subFormat(IILjava/text/Format$FieldDelegate;Ljava/lang/StringBuffer;Z)V @ 431 c2
Event: 18290.219 Thread 0x000001c2db145b90 DEOPT PACKING pc=0x000001c2e6a843e0 sp=0x0000005c398fdc60
Event: 18290.219 Thread 0x000001c2db145b90 DEOPT UNPACKING pc=0x000001c2de845c23 sp=0x0000005c398fdc40 mode 2
Event: 18290.227 Thread 0x000001c2db145b90 Uncommon trap: trap_request=0xffffff45 fr.pc=0x000001c2e704e274 relative=0x0000000000000254
Event: 18290.227 Thread 0x000001c2db145b90 Uncommon trap: reason=unstable_if action=reinterpret pc=0x000001c2e704e274 method=freemarker.core.SimpleCharStream.readChar()C @ 32 c2
Event: 18290.227 Thread 0x000001c2db145b90 DEOPT PACKING pc=0x000001c2e704e274 sp=0x0000005c398fda00
Event: 18290.227 Thread 0x000001c2db145b90 DEOPT UNPACKING pc=0x000001c2de845c23 sp=0x0000005c398fd988 mode 2
Event: 18290.393 Thread 0x000001c2db145b90 Uncommon trap: trap_request=0xffffff45 fr.pc=0x000001c2e6e524d8 relative=0x00000000000030f8
Event: 18290.393 Thread 0x000001c2db145b90 Uncommon trap: reason=unstable_if action=reinterpret pc=0x000001c2e6e524d8 method=java.text.SimpleDateFormat.zeroPaddingNumber(IIILjava/lang/StringBuffer;)V @ 52 c2
Event: 18290.393 Thread 0x000001c2db145b90 DEOPT PACKING pc=0x000001c2e6e524d8 sp=0x0000005c398fbcb0
Event: 18290.393 Thread 0x000001c2db145b90 DEOPT UNPACKING pc=0x000001c2de845c23 sp=0x0000005c398fbc98 mode 2

Classes unloaded (20 events):
Event: 4505.061 Thread 0x000001c2f9a94be0 Unloading class 0x000000080025dc00 'java/lang/invoke/LambdaForm$MH+0x000000080025dc00'
Event: 4505.061 Thread 0x000001c2f9a94be0 Unloading class 0x000000080025d800 'java/lang/invoke/LambdaForm$MH+0x000000080025d800'
Event: 4505.061 Thread 0x000001c2f9a94be0 Unloading class 0x000000080025d400 'java/lang/invoke/LambdaForm$MH+0x000000080025d400'
Event: 4505.061 Thread 0x000001c2f9a94be0 Unloading class 0x000000080025d000 'java/lang/invoke/LambdaForm$MH+0x000000080025d000'
Event: 4505.061 Thread 0x000001c2f9a94be0 Unloading class 0x000000080025cc00 'java/lang/invoke/LambdaForm$MH+0x000000080025cc00'
Event: 4505.061 Thread 0x000001c2f9a94be0 Unloading class 0x0000000800240000 'jdk/internal/reflect/GeneratedConstructorAccessor8'
Event: 4505.061 Thread 0x000001c2f9a94be0 Unloading class 0x00000008001b9800 'java/lang/invoke/LambdaForm$MH+0x00000008001b9800'
Event: 4505.061 Thread 0x000001c2f9a94be0 Unloading class 0x00000008001b9400 'java/lang/invoke/LambdaForm$MH+0x00000008001b9400'
Event: 4505.061 Thread 0x000001c2f9a94be0 Unloading class 0x00000008001b9000 'java/lang/invoke/LambdaForm$MH+0x00000008001b9000'
Event: 4505.061 Thread 0x000001c2f9a94be0 Unloading class 0x00000008001a8c00 'java/lang/invoke/LambdaForm$MH+0x00000008001a8c00'
Event: 4505.061 Thread 0x000001c2f9a94be0 Unloading class 0x00000008001a8800 'java/lang/invoke/LambdaForm$MH+0x00000008001a8800'
Event: 4505.061 Thread 0x000001c2f9a94be0 Unloading class 0x00000008001a8000 'java/lang/invoke/LambdaForm$MH+0x00000008001a8000'
Event: 4505.061 Thread 0x000001c2f9a94be0 Unloading class 0x0000000800144800 'java/lang/invoke/LambdaForm$DMH+0x0000000800144800'
Event: 4505.061 Thread 0x000001c2f9a94be0 Unloading class 0x0000000800144000 'java/lang/invoke/LambdaForm$DMH+0x0000000800144000'
Event: 4505.061 Thread 0x000001c2f9a94be0 Unloading class 0x00000008000d9400 'java/lang/invoke/LambdaForm$MH+0x00000008000d9400'
Event: 4505.061 Thread 0x000001c2f9a94be0 Unloading class 0x00000008000d8c00 'java/lang/invoke/LambdaForm$MH+0x00000008000d8c00'
Event: 4505.061 Thread 0x000001c2f9a94be0 Unloading class 0x00000008000d8800 'java/lang/invoke/LambdaForm$MH+0x00000008000d8800'
Event: 4505.061 Thread 0x000001c2f9a94be0 Unloading class 0x00000008000d8400 'java/lang/invoke/LambdaForm$MH+0x00000008000d8400'
Event: 4505.061 Thread 0x000001c2f9a94be0 Unloading class 0x00000008000d5c00 'java/lang/invoke/LambdaForm$MH+0x00000008000d5c00'
Event: 4505.061 Thread 0x000001c2f9a94be0 Unloading class 0x00000008000d5800 'java/lang/invoke/LambdaForm$MH+0x00000008000d5800'

Classes redefined (0 events):
No events

Internal exceptions (20 events):
Event: 18290.126 Thread 0x000001c2db145b90 Exception <a 'java/lang/ClassNotFoundException'{0x000000071c43eaa0}: com/aventstack/extentreports/SystemAttributeContextCustomizer> (0x000000071c43eaa0) 
thrown [e:\jenkins\tmp\workspace\build\src\src\hotspot\share\classfile\systemDictionary.cpp, line 256]
Event: 18290.130 Thread 0x000001c2db145b90 Exception <a 'java/lang/ClassNotFoundException'{0x000000071c451710}: com/aventstack/extentreports/TestAttributeTestContextProviderBeanInfo> (0x000000071c451710) 
thrown [e:\jenkins\tmp\workspace\build\src\src\hotspot\share\classfile\systemDictionary.cpp, line 256]
Event: 18290.131 Thread 0x000001c2db145b90 Exception <a 'java/lang/ClassNotFoundException'{0x000000071c455878}: com/aventstack/extentreports/TestAttributeTestContextProviderCustomizer> (0x000000071c455878) 
thrown [e:\jenkins\tmp\workspace\build\src\src\hotspot\share\classfile\systemDictionary.cpp, line 256]
Event: 18290.135 Thread 0x000001c2db145b90 Exception <a 'java/lang/ClassNotFoundException'{0x000000071c46ae70}: com/aventstack/extentreports/ExceptionTestContextImplBeanInfo> (0x000000071c46ae70) 
thrown [e:\jenkins\tmp\workspace\build\src\src\hotspot\share\classfile\systemDictionary.cpp, line 256]
Event: 18290.135 Thread 0x000001c2db145b90 Exception <a 'java/lang/ClassNotFoundException'{0x000000071c46ee40}: com/aventstack/extentreports/ExceptionTestContextImplCustomizer> (0x000000071c46ee40) 
thrown [e:\jenkins\tmp\workspace\build\src\src\hotspot\share\classfile\systemDictionary.cpp, line 256]
Event: 18290.143 Thread 0x000001c2db145b90 Exception <a 'java/lang/ClassNotFoundException'{0x000000071c49b2b8}: com/aventstack/extentreports/model/TestBeanInfo> (0x000000071c49b2b8) 
thrown [e:\jenkins\tmp\workspace\build\src\src\hotspot\share\classfile\systemDictionary.cpp, line 256]
Event: 18290.144 Thread 0x000001c2db145b90 Exception <a 'java/lang/ClassNotFoundException'{0x000000071c49f068}: com/aventstack/extentreports/model/TestCustomizer> (0x000000071c49f068) 
thrown [e:\jenkins\tmp\workspace\build\src\src\hotspot\share\classfile\systemDictionary.cpp, line 256]
Event: 18290.147 Thread 0x000001c2db145b90 Exception <a 'java/lang/ClassNotFoundException'{0x000000071c4ed158}: com/aventstack/extentreports/model/AbstractStructureBeanInfo> (0x000000071c4ed158) 
thrown [e:\jenkins\tmp\workspace\build\src\src\hotspot\share\classfile\systemDictionary.cpp, line 256]
Event: 18290.148 Thread 0x000001c2db145b90 Exception <a 'java/lang/ClassNotFoundException'{0x000000071c4f1920}: com/aventstack/extentreports/model/AbstractStructureCustomizer> (0x000000071c4f1920) 
thrown [e:\jenkins\tmp\workspace\build\src\src\hotspot\share\classfile\systemDictionary.cpp, line 256]
Event: 18290.151 Thread 0x000001c2db145b90 Exception <a 'java/lang/ClassNotFoundException'{0x000000071c5072d8}: com/aventstack/extentreports/AnalysisStrategyBeanInfo> (0x000000071c5072d8) 
thrown [e:\jenkins\tmp\workspace\build\src\src\hotspot\share\classfile\systemDictionary.cpp, line 256]
Event: 18290.151 Thread 0x000001c2db145b90 Exception <a 'java/lang/ClassNotFoundException'{0x000000071c50b928}: com/aventstack/extentreports/AnalysisStrategyCustomizer> (0x000000071c50b928) 
thrown [e:\jenkins\tmp\workspace\build\src\src\hotspot\share\classfile\systemDictionary.cpp, line 256]
Event: 18290.154 Thread 0x000001c2db145b90 Implicit null exception at 0x000001c2e67a32be to 0x000001c2e67a3ef3
Event: 18290.279 Thread 0x000001c2db145b90 Exception <a 'java/lang/ClassNotFoundException'{0x000000071c3a77b8}: com/aventstack/extentreports/model/LogBeanInfo> (0x000000071c3a77b8) 
thrown [e:\jenkins\tmp\workspace\build\src\src\hotspot\share\classfile\systemDictionary.cpp, line 256]
Event: 18290.280 Thread 0x000001c2db145b90 Exception <a 'java/lang/ClassNotFoundException'{0x000000071c3ac4f8}: com/aventstack/extentreports/model/LogCustomizer> (0x000000071c3ac4f8) 
thrown [e:\jenkins\tmp\workspace\build\src\src\hotspot\share\classfile\systemDictionary.cpp, line 256]
Event: 18290.283 Thread 0x000001c2db145b90 Exception <a 'java/lang/ClassNotFoundException'{0x000000071c3d1550}: com/aventstack/extentreports/viewdefs/MaterialIconBeanInfo> (0x000000071c3d1550) 
thrown [e:\jenkins\tmp\workspace\build\src\src\hotspot\share\classfile\systemDictionary.cpp, line 256]
Event: 18290.283 Thread 0x000001c2db145b90 Exception <a 'java/lang/ClassNotFoundException'{0x000000071c3d64c8}: com/aventstack/extentreports/viewdefs/MaterialIconCustomizer> (0x000000071c3d64c8) 
thrown [e:\jenkins\tmp\workspace\build\src\src\hotspot\share\classfile\systemDictionary.cpp, line 256]
Event: 18290.315 Thread 0x000001c2db145b90 Exception <a 'java/lang/ClassNotFoundException'{0x000000071c039d58}: com/aventstack/extentreports/model/ScreenCaptureBeanInfo> (0x000000071c039d58) 
thrown [e:\jenkins\tmp\workspace\build\src\src\hotspot\share\classfile\systemDictionary.cpp, line 256]
Event: 18290.316 Thread 0x000001c2db145b90 Exception <a 'java/lang/ClassNotFoundException'{0x000000071c03ead0}: com/aventstack/extentreports/model/MediaBeanInfo> (0x000000071c03ead0) 
thrown [e:\jenkins\tmp\workspace\build\src\src\hotspot\share\classfile\systemDictionary.cpp, line 256]
Event: 18290.316 Thread 0x000001c2db145b90 Exception <a 'java/lang/ClassNotFoundException'{0x000000071c043890}: com/aventstack/extentreports/model/MediaCustomizer> (0x000000071c043890) 
thrown [e:\jenkins\tmp\workspace\build\src\src\hotspot\share\classfile\systemDictionary.cpp, line 256]
Event: 18290.317 Thread 0x000001c2db145b90 Exception <a 'java/lang/ClassNotFoundException'{0x000000071c057640}: com/aventstack/extentreports/model/ScreenCaptureCustomizer> (0x000000071c057640) 
thrown [e:\jenkins\tmp\workspace\build\src\src\hotspot\share\classfile\systemDictionary.cpp, line 256]

VM Operations (20 events):
Event: 18289.366 Executing VM operation: G1TryInitiateConcMark done
Event: 18290.047 Executing VM operation: HandshakeAllThreads
Event: 18290.047 Executing VM operation: HandshakeAllThreads done
Event: 18290.148 Executing VM operation: HandshakeAllThreads
Event: 18290.149 Executing VM operation: HandshakeAllThreads done
Event: 18290.354 Executing VM operation: G1TryInitiateConcMark
Event: 18290.358 Executing VM operation: G1TryInitiateConcMark done
Event: 18290.445 Executing VM operation: G1TryInitiateConcMark
Event: 18290.449 Executing VM operation: G1TryInitiateConcMark done
Event: 18290.510 Executing VM operation: G1TryInitiateConcMark
Event: 18290.514 Executing VM operation: G1TryInitiateConcMark done
Event: 18290.662 Executing VM operation: G1TryInitiateConcMark
Event: 18290.667 Executing VM operation: G1TryInitiateConcMark done
Event: 18290.669 Executing VM operation: G1TryInitiateConcMark
Event: 18290.673 Executing VM operation: G1TryInitiateConcMark done
Event: 18290.689 Executing VM operation: G1TryInitiateConcMark
Event: 18290.693 Executing VM operation: G1TryInitiateConcMark done
Event: 18290.699 Executing VM operation: G1TryInitiateConcMark
Event: 18290.703 Executing VM operation: G1TryInitiateConcMark done
Event: 18290.711 Executing VM operation: G1TryInitiateConcMark

Events (20 events):
Event: 18290.189 loading class java/text/CollationElementIterator
Event: 18290.190 Thread 0x000001c2fa492a50 flushing nmethod 0x000001c2e0312090
Event: 18290.190 Thread 0x000001c2fa492a50 flushing nmethod 0x000001c2e0338990
Event: 18290.190 loading class java/text/CollationElementIterator done
Event: 18290.190 loading class sun/text/CollatorUtilities
Event: 18290.190 loading class sun/text/CollatorUtilities done
Event: 18290.190 loading class jdk/internal/icu/text/UCharacterIterator
Event: 18290.191 loading class jdk/internal/icu/text/UCharacterIterator done
Event: 18290.191 loading class jdk/internal/icu/impl/ReplaceableUCharacterIterator
Event: 18290.191 loading class jdk/internal/icu/impl/ReplaceableUCharacterIterator done
Event: 18290.191 loading class jdk/internal/icu/text/ReplaceableString
Event: 18290.191 loading class jdk/internal/icu/text/Replaceable
Event: 18290.191 loading class jdk/internal/icu/text/Replaceable done
Event: 18290.192 loading class jdk/internal/icu/text/ReplaceableString done
Event: 18290.217 loading class sun/util/locale/provider/DateFormatProviderImpl
Event: 18290.218 loading class sun/util/locale/provider/DateFormatProviderImpl done
Event: 18290.250 loading class java/text/FieldPosition$Delegate
Event: 18290.250 loading class java/text/FieldPosition$Delegate done
Event: 18290.250 loading class java/text/DigitList$1
Event: 18290.250 loading class java/text/DigitList$1 done


Dynamic libraries:
0x00007ff675060000 - 0x00007ff67506e000 	C:\eclipse\plugins\org.eclipse.justj.openjdk.hotspot.jre.full.win32.x86_64_17.0.3.v20220515-1416\jre\bin\javaw.exe
0x00007ffdec650000 - 0x00007ffdec848000 	C:\Windows\SYSTEM32\ntdll.dll
0x00007ffdebec0000 - 0x00007ffdebf7f000 	C:\Windows\System32\KERNEL32.DLL
0x00007ffde9f10000 - 0x00007ffdea1e2000 	C:\Windows\System32\KERNELBASE.dll
0x00007ffde9da0000 - 0x00007ffde9ea0000 	C:\Windows\System32\ucrtbase.dll
0x00007ffdc6ad0000 - 0x00007ffdc6ae8000 	C:\eclipse\plugins\org.eclipse.justj.openjdk.hotspot.jre.full.win32.x86_64_17.0.3.v20220515-1416\jre\bin\jli.dll
0x00007ffdea840000 - 0x00007ffdea9e1000 	C:\Windows\System32\USER32.dll
0x00007ffdea3b0000 - 0x00007ffdea3d2000 	C:\Windows\System32\win32u.dll
0x00007ffdeb990000 - 0x00007ffdeb9bb000 	C:\Windows\System32\GDI32.dll
0x00007ffdea1f0000 - 0x00007ffdea2ff000 	C:\Windows\System32\gdi32full.dll
0x00007ffdea540000 - 0x00007ffdea5dd000 	C:\Windows\System32\msvcp_win.dll
0x00007ffdcb1d0000 - 0x00007ffdcb46a000 	C:\Windows\WinSxS\amd64_microsoft.windows.common-controls_6595b64144ccf1df_6.0.19041.1110_none_60b5254171f9507e\COMCTL32.dll
0x00007ffdebb60000 - 0x00007ffdebbfe000 	C:\Windows\System32\msvcrt.dll
0x00007ffdcd2d0000 - 0x00007ffdcd2e9000 	C:\eclipse\plugins\org.eclipse.justj.openjdk.hotspot.jre.full.win32.x86_64_17.0.3.v20220515-1416\jre\bin\VCRUNTIME140.dll
0x00007ffdea6a0000 - 0x00007ffdea6d0000 	C:\Windows\System32\IMM32.DLL
0x00007ffdd2f80000 - 0x00007ffdd2f8c000 	C:\eclipse\plugins\org.eclipse.justj.openjdk.hotspot.jre.full.win32.x86_64_17.0.3.v20220515-1416\jre\bin\vcruntime140_1.dll
0x00007ffdc4d80000 - 0x00007ffdc4e11000 	C:\eclipse\plugins\org.eclipse.justj.openjdk.hotspot.jre.full.win32.x86_64_17.0.3.v20220515-1416\jre\bin\msvcp140.dll
0x00007ffd7ee70000 - 0x00007ffd7fab8000 	C:\eclipse\plugins\org.eclipse.justj.openjdk.hotspot.jre.full.win32.x86_64_17.0.3.v20220515-1416\jre\bin\server\jvm.dll
0x00007ffdeb190000 - 0x00007ffdeb23e000 	C:\Windows\System32\ADVAPI32.dll
0x00007ffdea9f0000 - 0x00007ffdeaa8c000 	C:\Windows\System32\sechost.dll
0x00007ffdec4e0000 - 0x00007ffdec604000 	C:\Windows\System32\RPCRT4.dll
0x00007ffdebf80000 - 0x00007ffdebf88000 	C:\Windows\System32\PSAPI.DLL
0x00007ffdc9a70000 - 0x00007ffdc9a97000 	C:\Windows\SYSTEM32\WINMM.dll
0x00007ffde3380000 - 0x00007ffde338a000 	C:\Windows\SYSTEM32\VERSION.dll
0x00007ffde2740000 - 0x00007ffde2749000 	C:\Windows\SYSTEM32\WSOCK32.dll
0x00007ffdebd90000 - 0x00007ffdebdfb000 	C:\Windows\System32\WS2_32.dll
0x00007ffde8560000 - 0x00007ffde8572000 	C:\Windows\SYSTEM32\kernel.appcore.dll
0x00007ffdcbac0000 - 0x00007ffdcbaca000 	C:\eclipse\plugins\org.eclipse.justj.openjdk.hotspot.jre.full.win32.x86_64_17.0.3.v20220515-1416\jre\bin\jimage.dll
0x00007ffde8360000 - 0x00007ffde8544000 	C:\Windows\SYSTEM32\DBGHELP.DLL
0x00007ffdcfc10000 - 0x00007ffdcfc45000 	C:\Windows\SYSTEM32\dbgcore.DLL
0x00007ffdea5e0000 - 0x00007ffdea662000 	C:\Windows\System32\bcryptPrimitives.dll
0x00007ffdca170000 - 0x00007ffdca195000 	C:\eclipse\plugins\org.eclipse.justj.openjdk.hotspot.jre.full.win32.x86_64_17.0.3.v20220515-1416\jre\bin\java.dll
0x00007ffdab460000 - 0x00007ffdab478000 	C:\eclipse\plugins\org.eclipse.justj.openjdk.hotspot.jre.full.win32.x86_64_17.0.3.v20220515-1416\jre\bin\zip.dll
0x00007ffdeb240000 - 0x00007ffdeb985000 	C:\Windows\System32\SHELL32.dll
0x00007ffde7af0000 - 0x00007ffde8282000 	C:\Windows\SYSTEM32\windows.storage.dll
0x00007ffdeac80000 - 0x00007ffdeafd5000 	C:\Windows\System32\combase.dll
0x00007ffde95f0000 - 0x00007ffde9620000 	C:\Windows\SYSTEM32\Wldp.dll
0x00007ffdea730000 - 0x00007ffdea7dd000 	C:\Windows\System32\SHCORE.dll
0x00007ffdea7e0000 - 0x00007ffdea835000 	C:\Windows\System32\shlwapi.dll
0x00007ffde9c90000 - 0x00007ffde9caf000 	C:\Windows\SYSTEM32\profapi.dll
0x00007ffdab270000 - 0x00007ffdab289000 	C:\eclipse\plugins\org.eclipse.justj.openjdk.hotspot.jre.full.win32.x86_64_17.0.3.v20220515-1416\jre\bin\net.dll
0x00007ffde4870000 - 0x00007ffde497a000 	C:\Windows\SYSTEM32\WINHTTP.dll
0x00007ffde93d0000 - 0x00007ffde943a000 	C:\Windows\system32\mswsock.dll
0x00007ffda8830000 - 0x00007ffda8845000 	C:\eclipse\plugins\org.eclipse.justj.openjdk.hotspot.jre.full.win32.x86_64_17.0.3.v20220515-1416\jre\bin\nio.dll
0x00007ffdcb100000 - 0x00007ffdcb110000 	C:\eclipse\plugins\org.eclipse.justj.openjdk.hotspot.jre.full.win32.x86_64_17.0.3.v20220515-1416\jre\bin\verify.dll
0x00007ffde9120000 - 0x00007ffde91eb000 	C:\Windows\SYSTEM32\DNSAPI.dll
0x00007ffde90e0000 - 0x00007ffde911b000 	C:\Windows\SYSTEM32\IPHLPAPI.DLL
0x00007ffdebe00000 - 0x00007ffdebe08000 	C:\Windows\System32\NSI.dll
0x00007ffde18a0000 - 0x00007ffde18aa000 	C:\Windows\System32\rasadhlp.dll
0x00007ffde18e0000 - 0x00007ffde1960000 	C:\Windows\System32\fwpuclnt.dll
0x00007ffdea670000 - 0x00007ffdea697000 	C:\Windows\System32\bcrypt.dll
0x00007ffde9630000 - 0x00007ffde9648000 	C:\Windows\SYSTEM32\CRYPTSP.dll
0x00007ffde8d10000 - 0x00007ffde8d44000 	C:\Windows\system32\rsaenh.dll
0x00007ffde9c10000 - 0x00007ffde9c3e000 	C:\Windows\SYSTEM32\USERENV.dll
0x00007ffde9560000 - 0x00007ffde956c000 	C:\Windows\SYSTEM32\CRYPTBASE.dll
0x00007ffde18b0000 - 0x00007ffde18c7000 	C:\Windows\SYSTEM32\dhcpcsvc6.DLL
0x00007ffde1d10000 - 0x00007ffde1d2d000 	C:\Windows\SYSTEM32\dhcpcsvc.DLL
0x00007ffde5320000 - 0x00007ffde5329000 	C:\eclipse\plugins\org.eclipse.justj.openjdk.hotspot.jre.full.win32.x86_64_17.0.3.v20220515-1416\jre\bin\management.dll
0x00007ffde5310000 - 0x00007ffde531b000 	C:\eclipse\plugins\org.eclipse.justj.openjdk.hotspot.jre.full.win32.x86_64_17.0.3.v20220515-1416\jre\bin\management_ext.dll
0x00007ffdc4070000 - 0x00007ffdc4087000 	C:\Windows\system32\napinsp.dll
0x00007ffdc3c10000 - 0x00007ffdc3c2b000 	C:\Windows\system32\pnrpnsp.dll
0x00007ffde4340000 - 0x00007ffde4355000 	C:\Windows\system32\wshbth.dll
0x00007ffde5230000 - 0x00007ffde524d000 	C:\Windows\system32\NLAapi.dll
0x00007ffdc3bf0000 - 0x00007ffdc3c02000 	C:\Windows\System32\winrnr.dll
0x00007ffdc9ee0000 - 0x00007ffdc9eee000 	C:\eclipse\plugins\org.eclipse.justj.openjdk.hotspot.jre.full.win32.x86_64_17.0.3.v20220515-1416\jre\bin\sunmscapi.dll
0x00007ffdea3e0000 - 0x00007ffdea536000 	C:\Windows\System32\CRYPT32.dll
0x00007ffde9820000 - 0x00007ffde9847000 	C:\Windows\SYSTEM32\ncrypt.dll
0x00007ffde97e0000 - 0x00007ffde981b000 	C:\Windows\SYSTEM32\NTASN1.dll
0x00007ffda65c0000 - 0x00007ffda674e000 	C:\eclipse\plugins\org.eclipse.justj.openjdk.hotspot.jre.full.win32.x86_64_17.0.3.v20220515-1416\jre\bin\awt.dll
0x00007ffdeaa90000 - 0x00007ffdeab5d000 	C:\Windows\System32\OLEAUT32.dll
0x00007ffde6f50000 - 0x00007ffde6fe0000 	C:\Windows\SYSTEM32\apphelp.dll
0x00007ffde7300000 - 0x00007ffde732f000 	C:\Windows\system32\DWMAPI.DLL
0x00007ffde7110000 - 0x00007ffde71ae000 	C:\Windows\system32\uxtheme.dll
0x00007ffdc5470000 - 0x00007ffdc5595000 	C:\Windows\system32\opengl32.dll
0x00007ffdd0d50000 - 0x00007ffdd0d7c000 	C:\Windows\SYSTEM32\GLU32.dll
0x00007ffdeab60000 - 0x00007ffdeac74000 	C:\Windows\System32\MSCTF.dll
0x00007ffdeb9d0000 - 0x00007ffdebafa000 	C:\Windows\System32\ole32.dll

dbghelp: loaded successfully - version: 4.0.5 - missing functions: none
symbol engine: initialized successfully - sym options: 0x614 - pdb path: .;C:\eclipse\plugins\org.eclipse.justj.openjdk.hotspot.jre.full.win32.x86_64_17.0.3.v20220515-1416\jre\bin;C:\Windows\SYSTEM32;C:\Windows\WinSxS\amd64_microsoft.windows.common-controls_6595b64144ccf1df_6.0.19041.1110_none_60b5254171f9507e;C:\eclipse\plugins\org.eclipse.justj.openjdk.hotspot.jre.full.win32.x86_64_17.0.3.v20220515-1416\jre\bin\server

VM Arguments:
jvm_args: -ea -Dfile.encoding=UTF-8 -XX:+ShowCodeDetailsInExceptionMessages 
java_command: org.testng.remote.RemoteTestNG -serport 61206 -protocol json -d C:\Users\Shakir\Downloads\ring-android-automation\test-output C:\Users\Shakir\Downloads\ring-android-automation\ringPay.xml
java_class_path (initial): C:\eclipse\configuration\org.eclipse.osgi\892\0\.cp\lib\testng-remote.jar;C:\Users\Shakir\Downloads\ring-android-automation\target\test-classes;C:\Users\Shakir\Downloads\ring-android-automation\target\classes;C:\Users\Shakir\.m2\repository\org\json\json\20180813\json-20180813.jar;C:\Users\Shakir\.m2\repository\io\appium\java-client\7.2.0\java-client-7.2.0.jar;C:\Users\Shakir\.m2\repository\org\seleniumhq\selenium\selenium-support\3.141.59\selenium-support-3.141.59.jar;C:\Users\Shakir\.m2\repository\org\seleniumhq\selenium\selenium-api\3.141.59\selenium-api-3.141.59.jar;C:\Users\Shakir\.m2\repository\com\google\code\gson\gson\2.8.5\gson-2.8.5.jar;C:\Users\Shakir\.m2\repository\org\apache\httpcomponents\httpclient\4.5.9\httpclient-4.5.9.jar;C:\Users\Shakir\.m2\repository\cglib\cglib\3.2.12\cglib-3.2.12.jar;C:\Users\Shakir\.m2\repository\org\ow2\asm\asm\7.1\asm-7.1.jar;C:\Users\Shakir\.m2\repository\commons-io\commons-io\2.6\commons-io-2.6.jar;C:\Users\Shakir\.m2\repository\org\springframework\spring-context\5.1.8.RELEASE\spring-context-5.1.8.RELEASE.jar;C:\Users\Shakir\.m2\repository\org\springframework\spring-aop\5.1.8.RELEASE\spring-aop-5.1.8.RELEASE.jar;C:\Users\Shakir\.m2\repository\org\springframework\spring-beans\5.1.8.RELEASE\spring-beans-5.1.8.RELEASE.jar;C:\Users\Shakir\.m2\repository\org\springframework\spring-core\5.1.8.RELEASE\spring-core-5.1.8.RELEASE.jar;C:\Users\Shakir\.m2\repository\org\springframework\spring-jcl\5.1.8.RELEASE\spring-jcl-5.1.8.RELEASE.jar;C:\Users\Shakir\.m2\repository\org\springframework\spring-expression\5.1.8.RELEASE\spring-expression-5.1.8.RELEASE.jar;C:\Users\Shakir\.m2\repository\org\aspectj\aspectjweaver\1.9.4\aspectjweaver-1.9.4.jar;C:\Users\Shakir\.m2\repository\org\slf4j\slf4j-api\1.7.26\slf4j-api-1.7.26.jar;C:\Users\Shakir\.m2\repository\org\seleniumhq\selenium\selenium-java\3.141.59\selenium-java-3.141.59.jar;C:\Users\Shakir\.m2\repository\org\seleniumhq\selenium\selenium-chrome-driver\3.141.59\
Launcher Type: SUN_STANDARD

[Global flags]
     intx CICompilerCount                          = 4                                         {product} {ergonomic}
     uint ConcGCThreads                            = 2                                         {product} {ergonomic}
     uint G1ConcRefinementThreads                  = 8                                         {product} {ergonomic}
   size_t G1HeapRegionSize                         = 2097152                                   {product} {ergonomic}
    uintx GCDrainStackTargetSize                   = 64                                        {product} {ergonomic}
   size_t InitialHeapSize                          = 264241152                                 {product} {ergonomic}
   size_t MarkStackSize                            = 4194304                                   {product} {ergonomic}
   size_t MaxHeapSize                              = 4204789760                                {product} {ergonomic}
   size_t MaxNewSize                               = 2522873856                                {product} {ergonomic}
   size_t MinHeapDeltaBytes                        = 2097152                                   {product} {ergonomic}
   size_t MinHeapSize                              = 8388608                                   {product} {ergonomic}
    uintx NonNMethodCodeHeapSize                   = 5839372                                {pd product} {ergonomic}
    uintx NonProfiledCodeHeapSize                  = 122909434                              {pd product} {ergonomic}
    uintx ProfiledCodeHeapSize                     = 122909434                              {pd product} {ergonomic}
    uintx ReservedCodeCacheSize                    = 251658240                              {pd product} {ergonomic}
     bool SegmentedCodeCache                       = true                                      {product} {ergonomic}
     bool ShowCodeDetailsInExceptionMessages       = true                                   {manageable} {command line}
   size_t SoftMaxHeapSize                          = 4204789760                             {manageable} {ergonomic}
     bool UseCompressedClassPointers               = true                           {product lp64_product} {ergonomic}
     bool UseCompressedOops                        = true                           {product lp64_product} {ergonomic}
     bool UseG1GC                                  = true                                      {product} {ergonomic}
     bool UseLargePagesIndividualAllocation        = false                                  {pd product} {ergonomic}

Logging:
Log output configuration:
 #0: stdout all=warning uptime,level,tags
 #1: stderr all=off uptime,level,tags

Environment Variables:
JAVA_HOME=C:\Program Files\Java\jdk1.8.0_221
PATH=C:/eclipse//plugins/org.eclipse.justj.openjdk.hotspot.jre.full.win32.x86_64_17.0.3.v20220515-1416/jre/bin/server;C:/eclipse//plugins/org.eclipse.justj.openjdk.hotspot.jre.full.win32.x86_64_17.0.3.v20220515-1416/jre/bin;C:\Program Files (x86)\Common Files\Oracle\Java\javapath;C:\Windows\system32;C:\Windows;C:\Windows\System32\Wbem;C:\Windows\System32\WindowsPowerShell\v1.0\;C:\Windows\System32\OpenSSH\;C:\Program Files\apache-maven-3.8.6\bin;C:\Program Files\nodejs\;C:\Program Files\Git\cmd;C:\Program Files\Git\bin;C:\Android\Sdk\platform-tools;C:\Program Files\Java\jdk1.8.0_221\bin;C:\Program Files\Charles;C:\Users\Shakir\AppData\Roaming\npm;;C:\eclipse;
USERNAME=Shakir
OS=Windows_NT
PROCESSOR_IDENTIFIER=Intel64 Family 6 Model 140 Stepping 1, GenuineIntel



---------------  S Y S T E M  ---------------

OS:
 Windows 10 , 64 bit Build 19041 (10.0.19041.2546)
OS uptime: 14 days 8:15 hours
Hyper-V role detected

CPU: total 8 (initial active 8) (4 cores per cpu, 2 threads per core) family 6 model 140 stepping 1 microcode 0x9a, cx8, cmov, fxsr, ht, mmx, 3dnowpref, sse, sse2, sse3, ssse3, sse4.1, sse4.2, popcnt, lzcnt, tsc, tscinvbit, avx, avx2, aes, erms, clmul, bmi1, bmi2, adx, avx512f, avx512dq, avx512cd, avx512bw, avx512vl, sha, fma, vzeroupper, avx512_vpopcntdq, avx512_vpclmulqdq, avx512_vaes, avx512_vnni, clflush, clflushopt, clwb, avx512_vbmi2, avx512_vbmi, hv

Memory: 4k page, system-wide physical 16039M (1593M free)
TotalPageFile size 16039M (AvailPageFile size 491M)
current process WorkingSet (physical memory assigned to process): 610M, peak: 611M
current process commit charge ("private bytes"): 752M, peak: 1706M

vm_info: OpenJDK 64-Bit Server VM (17.0.3+7) for windows-amd64 JRE (17.0.3+7), built on Apr 19 2022 16:55:35 by "" with MS VC++ 16.7 (VS2019)

END.
