#
# There is insufficient memory for the Java Runtime Environment to continue.
# Native memory allocation (malloc) failed to allocate 1048576 bytes for AllocateHeap
# Possible reasons:
#   The system is out of physical RAM or swap space
#   The process is running with CompressedOops enabled, and the Java Heap may be blocking the growth of the native heap
# Possible solutions:
#   Reduce memory load on the system
#   Increase physical memory or swap space
#   Check if swap backing store is full
#   Decrease Java heap size (-Xmx/-Xms)
#   Decrease number of Java threads
#   Decrease Java thread stack sizes (-Xss)
#   Set larger code cache with -XX:ReservedCodeCacheSize=
#   JVM is running with Unscaled Compressed Oops mode in which the Java heap is
#     placed in the first 4GB address space. The Java Heap base address is the
#     maximum limit for the native heap growth. Please use -XX:HeapBaseMinAddress
#     to set the Java Heap base and to place the Java Heap above 4GB virtual address.
# This output file may be truncated or incomplete.
#
#  Out of Memory Error (memory/allocation.inline.hpp:61), pid=4524, tid=0x00000000000035dc
#
# JRE version:  (8.0_221-b11) (build )
# Java VM: Java HotSpot(TM) 64-Bit Server VM (25.221-b11 mixed mode windows-amd64 compressed oops)
# Failed to write core dump. Minidumps are not enabled by default on client versions of Windows
#

---------------  T H R E A D  ---------------

Current thread (0x000000000256e000):  JavaThread "Unknown thread" [_thread_in_vm, id=13788, stack(0x0000000002570000,0x0000000002670000)]

Stack: [0x0000000002570000,0x0000000002670000]
[error occurred during error reporting (printing stack bounds), id 0xc0000005]

Native frames: (J=compiled Java code, j=interpreted, Vv=VM code, C=native code)


---------------  P R O C E S S  ---------------

Java Threads: ( => current thread )

Other Threads:

=>0x000000000256e000 (exited) JavaThread "Unknown thread" [_thread_in_vm, id=13788, stack(0x0000000002570000,0x0000000002670000)]

VM state:not at safepoint (normal execution)

VM Mutex/Monitor currently owned by a thread: None

heap address: 0x00000000c0000000, size: 1024 MB, Compressed Oops mode: 32-bit
Narrow klass base: 0x0000000000000000, Narrow klass shift: 3
Compressed class space size: 1073741824 Address: 0x0000000100000000

Heap:
 PSYoungGen      total 75264K, used 1290K [0x00000000eab00000, 0x00000000eff00000, 0x0000000100000000)
  eden space 64512K, 2% used [0x00000000eab00000,0x00000000eac42900,0x00000000eea00000)
  from space 10752K, 0% used [0x00000000ef480000,0x00000000ef480000,0x00000000eff00000)
  to   space 10752K, 0% used [0x00000000eea00000,0x00000000eea00000,0x00000000ef480000)
 ParOldGen       total 172032K, used 0K [0x00000000c0000000, 0x00000000ca800000, 0x00000000eab00000)
  object space 172032K, 0% used [0x00000000c0000000,0x00000000c0000000,0x00000000ca800000)
 Metaspace       used 776K, capacity 4480K, committed 4480K, reserved 1056768K
  class space    used 76K, capacity 384K, committed 384K, reserved 1048576K

Card table byte_map: [0x0000000011b30000,0x0000000011d40000] byte_map_base: 0x0000000011530000

Marking Bits: (ParMarkBitMap*) 0x000000005a7c5ce0
 Begin Bits: [0x00000000126a0000, 0x00000000136a0000)
 End Bits:   [0x00000000136a0000, 0x00000000146a0000)

Polling page: 0x0000000000b30000

CodeCache: size=245760Kb used=328Kb max_used=328Kb free=245431Kb
 bounds [0x0000000002770000, 0x00000000029e0000, 0x0000000011770000]
 total_blobs=58 nmethods=0 adapters=38
 compilation: enabled

Compilation events (0 events):
No events

GC Heap History (0 events):
No events

Deoptimization events (0 events):
No events

Classes redefined (0 events):
No events

Internal exceptions (0 events):
No events

Events (10 events):
Event: 0.019 loading class java/lang/Short
Event: 0.019 loading class java/lang/Short done
Event: 0.019 loading class java/lang/Integer
Event: 0.019 loading class java/lang/Integer done
Event: 0.019 loading class java/lang/Long
Event: 0.019 loading class java/lang/Long done
Event: 0.020 loading class java/lang/NullPointerException
Event: 0.020 loading class java/lang/NullPointerException done
Event: 0.020 loading class java/lang/ArithmeticException
Event: 0.020 loading class java/lang/ArithmeticException done


Dynamic libraries:
0x00007ff65e780000 - 0x00007ff65e7b7000 	C:\Program Files\Java\jdk1.8.0_221\bin\java.exe
0x00007ffd188f0000 - 0x00007ffd18ae8000 	C:\Windows\SYSTEM32\ntdll.dll
0x00007ffd17fe0000 - 0x00007ffd1809f000 	C:\Windows\System32\KERNEL32.DLL
0x00007ffd16660000 - 0x00007ffd16932000 	C:\Windows\System32\KERNELBASE.dll
0x00007ffd18200000 - 0x00007ffd182ae000 	C:\Windows\System32\ADVAPI32.dll
0x00007ffd17da0000 - 0x00007ffd17e3e000 	C:\Windows\System32\msvcrt.dll
0x00007ffd180d0000 - 0x00007ffd1816c000 	C:\Windows\System32\sechost.dll
0x00007ffd17990000 - 0x00007ffd17ab5000 	C:\Windows\System32\RPCRT4.dll
0x00007ffd182b0000 - 0x00007ffd1844d000 	C:\Windows\System32\USER32.dll
0x00007ffd16190000 - 0x00007ffd161b2000 	C:\Windows\System32\win32u.dll
0x00007ffd180a0000 - 0x00007ffd180cb000 	C:\Windows\System32\GDI32.dll
0x00007ffd161c0000 - 0x00007ffd162cf000 	C:\Windows\System32\gdi32full.dll
0x00007ffd162d0000 - 0x00007ffd1636d000 	C:\Windows\System32\msvcp_win.dll
0x00007ffd16090000 - 0x00007ffd16190000 	C:\Windows\System32\ucrtbase.dll
0x00007ffcfebc0000 - 0x00007ffcfee5a000 	C:\Windows\WinSxS\amd64_microsoft.windows.common-controls_6595b64144ccf1df_6.0.19041.1110_none_60b5254171f9507e\COMCTL32.dll
0x00007ffd17c20000 - 0x00007ffd17c52000 	C:\Windows\System32\IMM32.DLL
0x000000005a850000 - 0x000000005a922000 	C:\Program Files\Java\jdk1.8.0_221\jre\bin\msvcr100.dll
0x0000000059fa0000 - 0x000000005a845000 	C:\Program Files\Java\jdk1.8.0_221\jre\bin\server\jvm.dll
0x00007ffd17c60000 - 0x00007ffd17c68000 	C:\Windows\System32\PSAPI.DLL
0x00007ffcf23f0000 - 0x00007ffcf2417000 	C:\Windows\SYSTEM32\WINMM.dll
0x00007ffd0e5c0000 - 0x00007ffd0e5c9000 	C:\Windows\SYSTEM32\WSOCK32.dll
0x00007ffd0e250000 - 0x00007ffd0e25a000 	C:\Windows\SYSTEM32\VERSION.dll
0x00007ffd17450000 - 0x00007ffd174bb000 	C:\Windows\System32\WS2_32.dll
0x00007ffd11160000 - 0x00007ffd1116f000 	C:\Program Files\Java\jdk1.8.0_221\jre\bin\verify.dll
0x00007ffd0f2d0000 - 0x00007ffd0f2f9000 	C:\Program Files\Java\jdk1.8.0_221\jre\bin\java.dll
0x00007ffd0ce10000 - 0x00007ffd0ce26000 	C:\Program Files\Java\jdk1.8.0_221\jre\bin\zip.dll

VM Arguments:
jvm_args: -Xmx1024M -Xss1m 
java_command: C:\Android\Sdk\platform-tools\apksigner.jar verify --print-certs C:\Users\Shakir\AppData\Roaming\npm\node_modules\appium\node_modules\appium-uiautomator2-server\apks\appium-uiautomator2-server-v4.21.1.apk
java_class_path (initial): C:\Android\Sdk\platform-tools\apksigner.jar
Launcher Type: SUN_STANDARD

Environment Variables:
JAVA_HOME=C:\Program Files\Java\jdk1.8.0_221
PATH=C:\Program Files (x86)\Common Files\Oracle\Java\javapath;C:\Windows\system32;C:\Windows;C:\Windows\System32\Wbem;C:\Windows\System32\WindowsPowerShell\v1.0\;C:\Windows\System32\OpenSSH\;C:\Program Files\apache-maven-3.8.6\bin;C:\Program Files\nodejs\;C:\Program Files\Git\cmd;C:\Program Files\Git\bin;C:\Android\Sdk\platform-tools;C:\Program Files\Java\jdk1.8.0_221\bin;C:\Program Files\Charles;;C:\Program Files\Docker\Docker\resources\bin;C:\Users\Shakir\AppData\Roaming\npm;
USERNAME=Shakir
OS=Windows_NT
PROCESSOR_IDENTIFIER=Intel64 Family 6 Model 140 Stepping 1, GenuineIntel



---------------  S Y S T E M  ---------------

OS: Windows 10.0 , 64 bit Build 19041 (10.0.19041.2251)

CPU:total 8 (initial active 8) (4 cores per cpu, 2 threads per core) family 6 model 140 stepping 1, cmov, cx8, fxsr, mmx, sse, sse2, sse3, ssse3, sse4.1, sse4.2, popcnt, avx, avx2, aes, clmul, erms, 3dnowpref, lzcnt, ht, tsc, tscinvbit, bmi1, bmi2, adx

Memory: 4k page, physical 16424212k(1632240k free), swap 16424212k(5172k free)

vm_info: Java HotSpot(TM) 64-Bit Server VM (25.221-b11) for windows-amd64 JRE (1.8.0_221-b11), built on Jul  4 2019 04:39:29 by "java_re" with MS VC++ 10.0 (VS2010)

time: Thu Dec 08 14:32:31 2022
timezone: India Standard Time
elapsed time: 0 seconds (0d 0h 0m 0s)

