#
# There is insufficient memory for the Java Runtime Environment to continue.
# Native memory allocation (malloc) failed to allocate 1048576 bytes for AllocateHeap
# Possible reasons:
#   The system is out of physical RAM or swap space
#   The process is running with CompressedOops enabled, and the Java Heap may be blocking the growth of the native heap
# Possible solutions:
#   Reduce memory load on the system
#   Increase physical memory or swap space
#   Check if swap backing store is full
#   Decrease Java heap size (-Xmx/-Xms)
#   Decrease number of Java threads
#   Decrease Java thread stack sizes (-Xss)
#   Set larger code cache with -XX:ReservedCodeCacheSize=
#   JVM is running with Unscaled Compressed Oops mode in which the Java heap is
#     placed in the first 4GB address space. The Java Heap base address is the
#     maximum limit for the native heap growth. Please use -XX:HeapBaseMinAddress
#     to set the Java Heap base and to place the Java Heap above 4GB virtual address.
# This output file may be truncated or incomplete.
#
#  Out of Memory Error (memory/allocation.inline.hpp:61), pid=10788, tid=0x0000000000004178
#
# JRE version:  (8.0_221-b11) (build )
# Java VM: Java HotSpot(TM) 64-Bit Server VM (25.221-b11 mixed mode windows-amd64 compressed oops)
# Failed to write core dump. Minidumps are not enabled by default on client versions of Windows
#

---------------  T H R E A D  ---------------

Current thread (0x0000000002ace000):  JavaThread "Unknown thread" [_thread_in_vm, id=16760, stack(0x0000000002ad0000,0x0000000002bd0000)]

Stack: [0x0000000002ad0000,0x0000000002bd0000]
[error occurred during error reporting (printing stack bounds), id 0xc0000005]

Native frames: (J=compiled Java code, j=interpreted, Vv=VM code, C=native code)


---------------  P R O C E S S  ---------------

Java Threads: ( => current thread )

Other Threads:

=>0x0000000002ace000 (exited) JavaThread "Unknown thread" [_thread_in_vm, id=16760, stack(0x0000000002ad0000,0x0000000002bd0000)]

VM state:not at safepoint (normal execution)

VM Mutex/Monitor currently owned by a thread: None

heap address: 0x00000000c0000000, size: 1024 MB, Compressed Oops mode: 32-bit
Narrow klass base: 0x0000000000000000, Narrow klass shift: 3
Compressed class space size: 1073741824 Address: 0x0000000100000000

Heap:
 PSYoungGen      total 75264K, used 1290K [0x00000000eab00000, 0x00000000eff00000, 0x0000000100000000)
  eden space 64512K, 2% used [0x00000000eab00000,0x00000000eac42900,0x00000000eea00000)
  from space 10752K, 0% used [0x00000000ef480000,0x00000000ef480000,0x00000000eff00000)
  to   space 10752K, 0% used [0x00000000eea00000,0x00000000eea00000,0x00000000ef480000)
 ParOldGen       total 172032K, used 0K [0x00000000c0000000, 0x00000000ca800000, 0x00000000eab00000)
  object space 172032K, 0% used [0x00000000c0000000,0x00000000c0000000,0x00000000ca800000)
 Metaspace       used 776K, capacity 4480K, committed 4480K, reserved 1056768K
  class space    used 76K, capacity 384K, committed 384K, reserved 1048576K

Card table byte_map: [0x0000000012090000,0x00000000122a0000] byte_map_base: 0x0000000011a90000

Marking Bits: (ParMarkBitMap*) 0x000000005b515ce0
 Begin Bits: [0x0000000012c00000, 0x0000000013c00000)
 End Bits:   [0x0000000013c00000, 0x0000000014c00000)

Polling page: 0x00000000010e0000

CodeCache: size=245760Kb used=328Kb max_used=328Kb free=245431Kb
 bounds [0x0000000002cd0000, 0x0000000002f40000, 0x0000000011cd0000]
 total_blobs=58 nmethods=0 adapters=38
 compilation: enabled

Compilation events (0 events):
No events

GC Heap History (0 events):
No events

Deoptimization events (0 events):
No events

Classes redefined (0 events):
No events

Internal exceptions (0 events):
No events

Events (10 events):
Event: 0.020 loading class java/lang/Short
Event: 0.020 loading class java/lang/Short done
Event: 0.020 loading class java/lang/Integer
Event: 0.020 loading class java/lang/Integer done
Event: 0.020 loading class java/lang/Long
Event: 0.020 loading class java/lang/Long done
Event: 0.020 loading class java/lang/NullPointerException
Event: 0.020 loading class java/lang/NullPointerException done
Event: 0.020 loading class java/lang/ArithmeticException
Event: 0.020 loading class java/lang/ArithmeticException done


Dynamic libraries:
0x00007ff77e590000 - 0x00007ff77e5c7000 	C:\Program Files\Java\jdk1.8.0_221\bin\java.exe
0x00007ffe81150000 - 0x00007ffe81348000 	C:\Windows\SYSTEM32\ntdll.dll
0x00007ffe7f850000 - 0x00007ffe7f90f000 	C:\Windows\System32\KERNEL32.DLL
0x00007ffe7e8a0000 - 0x00007ffe7eb72000 	C:\Windows\System32\KERNELBASE.dll
0x00007ffe80260000 - 0x00007ffe8030e000 	C:\Windows\System32\ADVAPI32.dll
0x00007ffe808c0000 - 0x00007ffe8095e000 	C:\Windows\System32\msvcrt.dll
0x00007ffe803e0000 - 0x00007ffe8047c000 	C:\Windows\System32\sechost.dll
0x00007ffe7f720000 - 0x00007ffe7f845000 	C:\Windows\System32\RPCRT4.dll
0x00007ffe7fe30000 - 0x00007ffe7ffd1000 	C:\Windows\System32\USER32.dll
0x00007ffe7e840000 - 0x00007ffe7e862000 	C:\Windows\System32\win32u.dll
0x00007ffe7f630000 - 0x00007ffe7f65b000 	C:\Windows\System32\GDI32.dll
0x00007ffe7eb80000 - 0x00007ffe7ec8f000 	C:\Windows\System32\gdi32full.dll
0x00007ffe7edf0000 - 0x00007ffe7ee8d000 	C:\Windows\System32\msvcp_win.dll
0x00007ffe7ef00000 - 0x00007ffe7f000000 	C:\Windows\System32\ucrtbase.dll
0x00007ffe67330000 - 0x00007ffe675ca000 	C:\Windows\WinSxS\amd64_microsoft.windows.common-controls_6595b64144ccf1df_6.0.19041.1110_none_60b5254171f9507e\COMCTL32.dll
0x00007ffe803a0000 - 0x00007ffe803d2000 	C:\Windows\System32\IMM32.DLL
0x000000005b5a0000 - 0x000000005b672000 	C:\Program Files\Java\jdk1.8.0_221\jre\bin\msvcr100.dll
0x000000005acf0000 - 0x000000005b595000 	C:\Program Files\Java\jdk1.8.0_221\jre\bin\server\jvm.dll
0x00007ffe7f660000 - 0x00007ffe7f668000 	C:\Windows\System32\PSAPI.DLL
0x00007ffe76990000 - 0x00007ffe7699a000 	C:\Windows\SYSTEM32\VERSION.dll
0x00007ffe5f380000 - 0x00007ffe5f389000 	C:\Windows\SYSTEM32\WSOCK32.dll
0x00007ffe5e800000 - 0x00007ffe5e827000 	C:\Windows\SYSTEM32\WINMM.dll
0x00007ffe7f5c0000 - 0x00007ffe7f62b000 	C:\Windows\System32\WS2_32.dll
0x00007ffe75670000 - 0x00007ffe7567f000 	C:\Program Files\Java\jdk1.8.0_221\jre\bin\verify.dll
0x00007ffe65fe0000 - 0x00007ffe66009000 	C:\Program Files\Java\jdk1.8.0_221\jre\bin\java.dll
0x00007ffe69b40000 - 0x00007ffe69b56000 	C:\Program Files\Java\jdk1.8.0_221\jre\bin\zip.dll

VM Arguments:
jvm_args: -Xmx1024M -Xss1m 
java_command: C:\Android\Sdk\platform-tools\apksigner.jar verify --print-certs C:\Users\Shakir\AppData\Roaming\npm\node_modules\appium\node_modules\appium-uiautomator2-server\apks\appium-uiautomator2-server-debug-androidTest.apk
java_class_path (initial): C:\Android\Sdk\platform-tools\apksigner.jar
Launcher Type: SUN_STANDARD

Environment Variables:
JAVA_HOME=C:\Program Files\Java\jdk1.8.0_221
PATH=C:\Program Files (x86)\Common Files\Oracle\Java\javapath;C:\Windows\system32;C:\Windows;C:\Windows\System32\Wbem;C:\Windows\System32\WindowsPowerShell\v1.0\;C:\Windows\System32\OpenSSH\;C:\Program Files\apache-maven-3.8.6\bin;C:\Program Files\nodejs\;C:\Program Files\Git\cmd;C:\Program Files\Git\bin;C:\Android\Sdk\platform-tools;C:\Program Files\Java\jdk1.8.0_221\bin;C:\Program Files\Charles;C:\Users\Shakir\AppData\Roaming\npm;
USERNAME=Shakir
OS=Windows_NT
PROCESSOR_IDENTIFIER=Intel64 Family 6 Model 140 Stepping 1, GenuineIntel



---------------  S Y S T E M  ---------------

OS: Windows 10.0 , 64 bit Build 19041 (10.0.19041.2546)

CPU:total 8 (initial active 8) (4 cores per cpu, 2 threads per core) family 6 model 140 stepping 1, cmov, cx8, fxsr, mmx, sse, sse2, sse3, ssse3, sse4.1, sse4.2, popcnt, avx, avx2, aes, clmul, erms, 3dnowpref, lzcnt, ht, tsc, tscinvbit, bmi1, bmi2, adx

Memory: 4k page, physical 16424212k(1274348k free), swap 16424212k(5564k free)

vm_info: Java HotSpot(TM) 64-Bit Server VM (25.221-b11) for windows-amd64 JRE (1.8.0_221-b11), built on Jul  4 2019 04:39:29 by "java_re" with MS VC++ 10.0 (VS2010)

time: Mon Feb 20 15:48:54 2023
timezone: India Standard Time
elapsed time: 0 seconds (0d 0h 0m 0s)

